Copyright 1986-2022 Xilinx, Inc. All Rights Reserved.
-------------------------------------------------------------------------------------------------------------------------------
| Tool Version : Vivado v.2022.2 (win64) Build 3671981 Fri Oct 14 05:00:03 MDT 2022
| Date         : Mon Aug 26 14:44:49 2024
| Host         : yoga716 running 64-bit major release  (build 9200)
| Command      : report_utilization -file Mercury_XU5_ddr4_0_utilization_synth.rpt -pb Mercury_XU5_ddr4_0_utilization_synth.pb
| Design       : Mercury_XU5_ddr4_0
| Device       : xczu2eg-sfvc784-1-i
| Speed File   : -1
| Design State : Synthesized
-------------------------------------------------------------------------------------------------------------------------------

Utilization Design Information

Table of Contents
-----------------
1. CLB Logic
1.1 Summary of Registers by Type
2. BLOCKRAM
3. ARITHMETIC
4. I/O
5. CLOCK
6. ADVANCED
7. CONFIGURATION
8. Primitives
9. Black Boxes
10. Instantiated Netlists

1. CLB Logic
------------

+----------------------------+-------+-------+------------+-----------+-------+
|          Site Type         |  Used | Fixed | Prohibited | Available | Util% |
+----------------------------+-------+-------+------------+-----------+-------+
| CLB LUTs*                  |  9246 |     0 |          0 |     47232 | 19.58 |
|   LUT as Logic             |  8663 |     0 |          0 |     47232 | 18.34 |
|   LUT as Memory            |   583 |     0 |          0 |     28800 |  2.02 |
|     LUT as Distributed RAM |   272 |     0 |            |           |       |
|     LUT as Shift Register  |   311 |     0 |            |           |       |
| CLB Registers              | 10822 |     2 |          0 |     94464 | 11.46 |
|   Register as Flip Flop    | 10821 |     2 |          0 |     94464 | 11.46 |
|   Register as Latch        |     0 |     0 |          0 |     94464 |  0.00 |
|   Register as AND/OR       |     1 |     0 |          0 |     94464 | <0.01 |
| CARRY8                     |    58 |     0 |          0 |      8820 |  0.66 |
| F7 Muxes                   |   166 |     0 |          0 |     35280 |  0.47 |
| F8 Muxes                   |     0 |     0 |          0 |     17640 |  0.00 |
| F9 Muxes                   |     0 |     0 |          0 |      8820 |  0.00 |
+----------------------------+-------+-------+------------+-----------+-------+
* Warning! The Final LUT count, after physical optimizations and full implementation, is typically lower. Run opt_design after synthesis, if not already completed, for a more realistic count.
Warning! LUT value is adjusted to account for LUT combining.


1.1 Summary of Registers by Type
--------------------------------

+-------+--------------+-------------+--------------+
| Total | Clock Enable | Synchronous | Asynchronous |
+-------+--------------+-------------+--------------+
| 1     |            _ |           - |            - |
| 0     |            _ |           - |          Set |
| 0     |            _ |           - |        Reset |
| 0     |            _ |         Set |            - |
| 0     |            _ |       Reset |            - |
| 0     |          Yes |           - |            - |
| 2     |          Yes |           - |          Set |
| 0     |          Yes |           - |        Reset |
| 290   |          Yes |         Set |            - |
| 10529 |          Yes |       Reset |            - |
+-------+--------------+-------------+--------------+


2. BLOCKRAM
-----------

+-------------------+------+-------+------------+-----------+-------+
|     Site Type     | Used | Fixed | Prohibited | Available | Util% |
+-------------------+------+-------+------------+-----------+-------+
| Block RAM Tile    | 25.5 |     0 |          0 |       150 | 17.00 |
|   RAMB36/FIFO*    |   25 |     0 |          0 |       150 | 16.67 |
|     RAMB36E2 only |   25 |       |            |           |       |
|   RAMB18          |    1 |     0 |          0 |       300 |  0.33 |
|     RAMB18E2 only |    1 |       |            |           |       |
+-------------------+------+-------+------------+-----------+-------+
* Note: Each Block RAM Tile only has one FIFO logic available and therefore can accommodate only one FIFO36E2 or one FIFO18E2. However, if a FIFO18E2 occupies a Block RAM Tile, that tile can still accommodate a RAMB18E2


3. ARITHMETIC
-------------

+----------------+------+-------+------------+-----------+-------+
|    Site Type   | Used | Fixed | Prohibited | Available | Util% |
+----------------+------+-------+------------+-----------+-------+
| DSPs           |    3 |     0 |          0 |       240 |  1.25 |
|   DSP48E2 only |    3 |       |            |           |       |
+----------------+------+-------+------------+-----------+-------+


4. I/O
------

+------------+------+-------+------------+-----------+-------+
|  Site Type | Used | Fixed | Prohibited | Available | Util% |
+------------+------+-------+------------+-----------+-------+
| Bonded IOB |   51 |     0 |          0 |       252 | 20.24 |
+------------+------+-------+------------+-----------+-------+


5. CLOCK
--------

+----------------------+------+-------+------------+-----------+-------+
|       Site Type      | Used | Fixed | Prohibited | Available | Util% |
+----------------------+------+-------+------------+-----------+-------+
| GLOBAL CLOCK BUFFERs |    8 |     0 |          0 |       196 |  4.08 |
|   BUFGCE             |    8 |     0 |          0 |        88 |  9.09 |
|   BUFGCE_DIV         |    0 |     0 |          0 |        12 |  0.00 |
|   BUFG_PS            |    0 |     0 |          0 |        72 |  0.00 |
|   BUFGCTRL*          |    0 |     0 |          0 |        24 |  0.00 |
| PLL                  |    1 |     0 |          0 |         6 | 16.67 |
| MMCM                 |    1 |     0 |          0 |         3 | 33.33 |
+----------------------+------+-------+------------+-----------+-------+
* Note: Each used BUFGCTRL counts as two GLOBAL CLOCK BUFFERs. This table does not include global clocking resources, only buffer cell usage. See the Clock Utilization Report (report_clock_utilization) for detailed accounting of global clocking resource availability.


6. ADVANCED
-----------

+-----------+------+-------+------------+-----------+-------+
| Site Type | Used | Fixed | Prohibited | Available | Util% |
+-----------+------+-------+------------+-----------+-------+
| PS8       |    0 |     0 |          0 |         1 |  0.00 |
| SYSMONE4  |    0 |     0 |          0 |         1 |  0.00 |
+-----------+------+-------+------------+-----------+-------+


7. CONFIGURATION
----------------

+-------------+------+-------+------------+-----------+-------+
|  Site Type  | Used | Fixed | Prohibited | Available | Util% |
+-------------+------+-------+------------+-----------+-------+
| BSCANE2     |    0 |     0 |          0 |         4 |  0.00 |
| DNA_PORTE2  |    0 |     0 |          0 |         1 |  0.00 |
| EFUSE_USR   |    0 |     0 |          0 |         1 |  0.00 |
| FRAME_ECCE4 |    0 |     0 |          0 |         1 |  0.00 |
| ICAPE3      |    0 |     0 |          0 |         2 |  0.00 |
| MASTER_JTAG |    0 |     0 |          0 |         1 |  0.00 |
| STARTUPE3   |    0 |     0 |          0 |         1 |  0.00 |
+-------------+------+-------+------------+-----------+-------+


8. Primitives
-------------

+------------------+-------+---------------------+
|     Ref Name     |  Used | Functional Category |
+------------------+-------+---------------------+
| FDRE             | 10529 |            Register |
| LUT6             |  3395 |                 CLB |
| LUT3             |  2823 |                 CLB |
| LUT5             |  1876 |                 CLB |
| LUT4             |  1811 |                 CLB |
| LUT2             |   615 |                 CLB |
| RAMD32           |   408 |                 CLB |
| FDSE             |   290 |            Register |
| LUT1             |   211 |                 CLB |
| SRLC32E          |   210 |                 CLB |
| MUXF7            |   166 |                 CLB |
| RAMS32           |   136 |                 CLB |
| SRL16E           |   101 |                 CLB |
| CARRY8           |    58 |                 CLB |
| RXTX_BITSLICE    |    45 |                 I/O |
| OBUF             |    27 |                 I/O |
| RAMB36E2         |    25 |            BLOCKRAM |
| IBUFCTRL         |    21 |              Others |
| OBUFT_DCIEN      |    18 |                 I/O |
| INBUF            |    18 |                 I/O |
| TX_BITSLICE_TRI  |     8 |                 I/O |
| BUFGCE           |     8 |               Clock |
| BITSLICE_CONTROL |     8 |                 I/O |
| RIU_OR           |     4 |                 I/O |
| OBUFT            |     4 |                 I/O |
| INV              |     3 |                 CLB |
| DSP48E2          |     3 |          Arithmetic |
| DIFFINBUF        |     3 |                 I/O |
| HPIO_VREF        |     2 |                 I/O |
| FDPE             |     2 |            Register |
| RAMB18E2         |     1 |            BLOCKRAM |
| PLLE4_ADV        |     1 |               Clock |
| MMCME4_ADV       |     1 |               Clock |
| AND2B1L          |     1 |              Others |
+------------------+-------+---------------------+


9. Black Boxes
--------------

+----------+------+
| Ref Name | Used |
+----------+------+


10. Instantiated Netlists
-------------------------

+----------+------+
| Ref Name | Used |
+----------+------+


