
*** Running vivado
    with args -log Mercury_XU5_PE1.vds -m64 -product Vivado -mode batch -messageDb vivado.pb -notrace -source Mercury_XU5_PE1.tcl


****** Vivado v2022.2 (64-bit)
  **** SW Build 3671981 on Fri Oct 14 04:59:54 MDT 2022
  **** IP Build 3669848 on Fri Oct 14 08:30:02 MDT 2022
    ** Copyright 1986-2022 Xilinx, Inc. All Rights Reserved.

source Mercury_XU5_PE1.tcl -notrace
WARNING: [Common 17-1361] You have specified a new message control rule that is equivalent to an existing rule with attributes ' -id {[BD 41-1306]}  -suppress '. The existing rule will be replaced.
WARNING: [Common 17-1361] You have specified a new message control rule that is equivalent to an existing rule with attributes ' -id {[BD 41-1306]}  -suppress '. The existing rule will be replaced.
WARNING: [Common 17-1361] You have specified a new message control rule that is equivalent to an existing rule with attributes ' -id {[BD 41-1271]}  -suppress '. The existing rule will be replaced.
WARNING: [Common 17-1361] You have specified a new message control rule that is equivalent to an existing rule with attributes ' -id {[BD 41-1306]}  -suppress '. The existing rule will be replaced.
WARNING: [Common 17-1361] You have specified a new message control rule that is equivalent to an existing rule with attributes ' -id {[BD 41-1271]}  -suppress '. The existing rule will be replaced.
WARNING: [Common 17-1361] You have specified a new message control rule that is equivalent to an existing rule with attributes ' -id {[BD 41-1306]}  -suppress '. The existing rule will be replaced.
WARNING: [Common 17-1361] You have specified a new message control rule that is equivalent to an existing rule with attributes ' -id {[BD 41-1271]}  -suppress '. The existing rule will be replaced.
WARNING: [Common 17-1361] You have specified a new message control rule that is equivalent to an existing rule with attributes ' -id {[BD 41-1306]}  -suppress '. The existing rule will be replaced.
WARNING: [Common 17-1361] You have specified a new message control rule that is equivalent to an existing rule with attributes ' -id {[BD 41-1271]}  -suppress '. The existing rule will be replaced.
WARNING: [Common 17-1361] You have specified a new message control rule that is equivalent to an existing rule with attributes ' -id {[BD 41-1306]}  -suppress '. The existing rule will be replaced.
WARNING: [Common 17-1361] You have specified a new message control rule that is equivalent to an existing rule with attributes ' -id {[BD 41-1271]}  -suppress '. The existing rule will be replaced.
WARNING: [Common 17-1361] You have specified a new message control rule that is equivalent to an existing rule with attributes ' -id {[BD 41-1306]}  -suppress '. The existing rule will be replaced.
WARNING: [Common 17-1361] You have specified a new message control rule that is equivalent to an existing rule with attributes ' -id {[BD 41-1271]}  -suppress '. The existing rule will be replaced.
WARNING: [Common 17-1361] You have specified a new message control rule that is equivalent to an existing rule with attributes ' -id {[BD 41-1306]}  -suppress '. The existing rule will be replaced.
WARNING: [Common 17-1361] You have specified a new message control rule that is equivalent to an existing rule with attributes ' -id {[BD 41-1271]}  -suppress '. The existing rule will be replaced.
WARNING: [Common 17-1361] You have specified a new message control rule that is equivalent to an existing rule with attributes ' -id {[BD 41-1306]}  -suppress '. The existing rule will be replaced.
WARNING: [Common 17-1361] You have specified a new message control rule that is equivalent to an existing rule with attributes ' -id {[BD 41-1271]}  -suppress '. The existing rule will be replaced.
WARNING: [Common 17-1361] You have specified a new message control rule that is equivalent to an existing rule with attributes ' -id {[BD 41-1306]}  -suppress '. The existing rule will be replaced.
INFO: [IP_Flow 19-234] Refreshing IP repositories
INFO: [IP_Flow 19-1700] Loaded user IP repository '/home/wto/Eos/ptc-firmware/reference_design/ip_repo'.
INFO: [IP_Flow 19-2313] Loaded Vivado IP repository '/home/wto/Programs/Vivado/2022.2/data/ip'.
source /home/wto/Eos/ME-XU5-2EG-1I-D11E/Mercury_XU5_PE1.srcs/utils_1/imports/scripts/settings.tcl
INFO: settings.tcl file loaded.
WARNING: [filemgmt 56-443] The ECC Algorithm string is empty. Setting the Memory Map to default ECC value to ECC_NONE.
WARNING: [filemgmt 56-443] The ECC Algorithm string is empty. Setting the Memory Map to default ECC value to ECC_NONE.
Command: read_checkpoint -auto_incremental -incremental /home/wto/Eos/ME-XU5-2EG-1I-D11E/Mercury_XU5_PE1.srcs/utils_1/imports/synth_1/Mercury_XU5_PE1.dcp
INFO: [Vivado 12-5825] Read reference checkpoint from /home/wto/Eos/ME-XU5-2EG-1I-D11E/Mercury_XU5_PE1.srcs/utils_1/imports/synth_1/Mercury_XU5_PE1.dcp for incremental synthesis
INFO: [Vivado 12-7989] Please ensure there are no constraint changes
Command: synth_design -top Mercury_XU5_PE1 -part xczu2eg-sfvc784-1-i
Starting synth_design
Attempting to get a license for feature 'Synthesis' and/or device 'xczu2eg'
INFO: [Common 17-349] Got license for feature 'Synthesis' and/or device 'xczu2eg'
INFO: [Device 21-403] Loading part xczu2eg-sfvc784-1-i
INFO: [Designutils 20-5440] No compile time benefit to using incremental synthesis; A full resynthesis will be run
INFO: [Designutils 20-4379] Flow is switching to default flow due to incremental criteria not met. If you would like to alter this behaviour and have the flow terminate instead, please set the following parameter config_implementation {autoIncr.Synth.RejectBehavior Terminate}
INFO: [Synth 8-7079] Multithreading enabled for synth_design using a maximum of 4 processes.
INFO: [Synth 8-7078] Launching helper process for spawning children vivado processes
INFO: [Synth 8-7075] Helper process launched with PID 362099
INFO: [Synth 8-11241] undeclared symbol 'REGCCE', assumed default net type 'wire' [/home/wto/Programs/Vivado/2022.2/data/verilog/src/unimacro/BRAM_SINGLE_MACRO.v:2170]
---------------------------------------------------------------------------------
Starting RTL Elaboration : Time (s): cpu = 00:00:03 ; elapsed = 00:00:03 . Memory (MB): peak = 2430.820 ; gain = 233.832 ; free physical = 2061 ; free virtual = 13765
Synthesis current peak Physical Memory [PSS] (MB): peak = 1879.807; parent = 1665.914; children = 213.893
Synthesis current peak Virtual Memory [VSS] (MB): peak = 3402.184; parent = 2436.758; children = 965.426
---------------------------------------------------------------------------------
INFO: [Synth 8-638] synthesizing module 'Mercury_XU5_PE1' [/home/wto/Eos/ME-XU5-2EG-1I-D11E/Mercury_XU5_PE1.srcs/sources_1/imports/src/Mercury_XU5_PE1.vhd:242]
	Parameter BG_WIDTH bound to: 1 - type: integer 
INFO: [Synth 8-3491] module 'EosMuon' declared at '/home/wto/Eos/ME-XU5-2EG-1I-D11E/Mercury_XU5_PE1.srcs/sources_1/new/EosMuon.v:3' bound to instance 'EosMuon_i' of component 'EosMuon' [/home/wto/Eos/ME-XU5-2EG-1I-D11E/Mercury_XU5_PE1.srcs/sources_1/imports/src/Mercury_XU5_PE1.vhd:531]
INFO: [Synth 8-6157] synthesizing module 'EosMuon' [/home/wto/Eos/ME-XU5-2EG-1I-D11E/Mercury_XU5_PE1.srcs/sources_1/new/EosMuon.v:3]
INFO: [Synth 8-6155] done synthesizing module 'EosMuon' (0#1) [/home/wto/Eos/ME-XU5-2EG-1I-D11E/Mercury_XU5_PE1.srcs/sources_1/new/EosMuon.v:3]
INFO: [Synth 8-3491] module 'Mercury_XU5' declared at '/home/wto/Eos/ME-XU5-2EG-1I-D11E/Mercury_XU5_PE1.gen/sources_1/bd/Mercury_XU5/synth/Mercury_XU5.vhd:2472' bound to instance 'Mercury_XU5_i' of component 'Mercury_XU5' [/home/wto/Eos/ME-XU5-2EG-1I-D11E/Mercury_XU5_PE1.srcs/sources_1/imports/src/Mercury_XU5_PE1.vhd:692]
INFO: [Synth 8-638] synthesizing module 'Mercury_XU5' [/home/wto/Eos/ME-XU5-2EG-1I-D11E/Mercury_XU5_PE1.gen/sources_1/bd/Mercury_XU5/synth/Mercury_XU5.vhd:2529]
INFO: [Synth 8-638] synthesizing module 'Mercury_XU5_axi_interconnect_0_0' [/home/wto/Eos/ME-XU5-2EG-1I-D11E/Mercury_XU5_PE1.gen/sources_1/bd/Mercury_XU5/synth/Mercury_XU5.vhd:1689]
INFO: [Synth 8-638] synthesizing module 'm00_couplers_imp_VQEI83' [/home/wto/Eos/ME-XU5-2EG-1I-D11E/Mercury_XU5_PE1.gen/sources_1/bd/Mercury_XU5/synth/Mercury_XU5.vhd:101]
INFO: [Synth 8-3491] module 'Mercury_XU5_auto_cc_0' declared at '/home/wto/Eos/ME-XU5-2EG-1I-D11E/Mercury_XU5_PE1.runs/synth_1/.Xil/Vivado-362015-yoga716/realtime/Mercury_XU5_auto_cc_0_stub.vhdl:5' bound to instance 'auto_cc' of component 'Mercury_XU5_auto_cc_0' [/home/wto/Eos/ME-XU5-2EG-1I-D11E/Mercury_XU5_PE1.gen/sources_1/bd/Mercury_XU5/synth/Mercury_XU5.vhd:361]
INFO: [Synth 8-638] synthesizing module 'Mercury_XU5_auto_cc_0' [/home/wto/Eos/ME-XU5-2EG-1I-D11E/Mercury_XU5_PE1.runs/synth_1/.Xil/Vivado-362015-yoga716/realtime/Mercury_XU5_auto_cc_0_stub.vhdl:97]
INFO: [Synth 8-256] done synthesizing module 'm00_couplers_imp_VQEI83' (0#1) [/home/wto/Eos/ME-XU5-2EG-1I-D11E/Mercury_XU5_PE1.gen/sources_1/bd/Mercury_XU5/synth/Mercury_XU5.vhd:101]
INFO: [Synth 8-638] synthesizing module 'm01_couplers_imp_1TWH8PP' [/home/wto/Eos/ME-XU5-2EG-1I-D11E/Mercury_XU5_PE1.gen/sources_1/bd/Mercury_XU5/synth/Mercury_XU5.vhd:524]
INFO: [Synth 8-3491] module 'Mercury_XU5_auto_ds_0' declared at '/home/wto/Eos/ME-XU5-2EG-1I-D11E/Mercury_XU5_PE1.runs/synth_1/.Xil/Vivado-362015-yoga716/realtime/Mercury_XU5_auto_ds_0_stub.vhdl:5' bound to instance 'auto_ds' of component 'Mercury_XU5_auto_ds_0' [/home/wto/Eos/ME-XU5-2EG-1I-D11E/Mercury_XU5_PE1.gen/sources_1/bd/Mercury_XU5/synth/Mercury_XU5.vhd:1065]
INFO: [Synth 8-638] synthesizing module 'Mercury_XU5_auto_ds_0' [/home/wto/Eos/ME-XU5-2EG-1I-D11E/Mercury_XU5_PE1.runs/synth_1/.Xil/Vivado-362015-yoga716/realtime/Mercury_XU5_auto_ds_0_stub.vhdl:87]
INFO: [Synth 8-3491] module 'Mercury_XU5_auto_pc_0' declared at '/home/wto/Eos/ME-XU5-2EG-1I-D11E/Mercury_XU5_PE1.runs/synth_1/.Xil/Vivado-362015-yoga716/realtime/Mercury_XU5_auto_pc_0_stub.vhdl:5' bound to instance 'auto_pc' of component 'Mercury_XU5_auto_pc_0' [/home/wto/Eos/ME-XU5-2EG-1I-D11E/Mercury_XU5_PE1.gen/sources_1/bd/Mercury_XU5/synth/Mercury_XU5.vhd:1144]
INFO: [Synth 8-638] synthesizing module 'Mercury_XU5_auto_pc_0' [/home/wto/Eos/ME-XU5-2EG-1I-D11E/Mercury_XU5_PE1.runs/synth_1/.Xil/Vivado-362015-yoga716/realtime/Mercury_XU5_auto_pc_0_stub.vhdl:67]
INFO: [Synth 8-3491] module 'Mercury_XU5_auto_rs_0' declared at '/home/wto/Eos/ME-XU5-2EG-1I-D11E/Mercury_XU5_PE1.runs/synth_1/.Xil/Vivado-362015-yoga716/realtime/Mercury_XU5_auto_rs_0_stub.vhdl:5' bound to instance 'auto_rs' of component 'Mercury_XU5_auto_rs_0' [/home/wto/Eos/ME-XU5-2EG-1I-D11E/Mercury_XU5_PE1.gen/sources_1/bd/Mercury_XU5/synth/Mercury_XU5.vhd:1203]
INFO: [Synth 8-638] synthesizing module 'Mercury_XU5_auto_rs_0' [/home/wto/Eos/ME-XU5-2EG-1I-D11E/Mercury_XU5_PE1.runs/synth_1/.Xil/Vivado-362015-yoga716/realtime/Mercury_XU5_auto_rs_0_stub.vhdl:83]
INFO: [Synth 8-3491] module 'Mercury_XU5_auto_rs_w_0' declared at '/home/wto/Eos/ME-XU5-2EG-1I-D11E/Mercury_XU5_PE1.runs/synth_1/.Xil/Vivado-362015-yoga716/realtime/Mercury_XU5_auto_rs_w_0_stub.vhdl:5' bound to instance 'auto_rs_w' of component 'Mercury_XU5_auto_rs_w_0' [/home/wto/Eos/ME-XU5-2EG-1I-D11E/Mercury_XU5_PE1.gen/sources_1/bd/Mercury_XU5/synth/Mercury_XU5.vhd:1278]
INFO: [Synth 8-638] synthesizing module 'Mercury_XU5_auto_rs_w_0' [/home/wto/Eos/ME-XU5-2EG-1I-D11E/Mercury_XU5_PE1.runs/synth_1/.Xil/Vivado-362015-yoga716/realtime/Mercury_XU5_auto_rs_w_0_stub.vhdl:95]
INFO: [Synth 8-256] done synthesizing module 'm01_couplers_imp_1TWH8PP' (0#1) [/home/wto/Eos/ME-XU5-2EG-1I-D11E/Mercury_XU5_PE1.gen/sources_1/bd/Mercury_XU5/synth/Mercury_XU5.vhd:524]
INFO: [Synth 8-638] synthesizing module 's00_couplers_imp_17XXMTV' [/home/wto/Eos/ME-XU5-2EG-1I-D11E/Mercury_XU5_PE1.gen/sources_1/bd/Mercury_XU5/synth/Mercury_XU5.vhd:1457]
INFO: [Synth 8-256] done synthesizing module 's00_couplers_imp_17XXMTV' (0#1) [/home/wto/Eos/ME-XU5-2EG-1I-D11E/Mercury_XU5_PE1.gen/sources_1/bd/Mercury_XU5/synth/Mercury_XU5.vhd:1457]
INFO: [Synth 8-3491] module 'Mercury_XU5_xbar_0' declared at '/home/wto/Eos/ME-XU5-2EG-1I-D11E/Mercury_XU5_PE1.runs/synth_1/.Xil/Vivado-362015-yoga716/realtime/Mercury_XU5_xbar_0_stub.vhdl:5' bound to instance 'xbar' of component 'Mercury_XU5_xbar_0' [/home/wto/Eos/ME-XU5-2EG-1I-D11E/Mercury_XU5_PE1.gen/sources_1/bd/Mercury_XU5/synth/Mercury_XU5.vhd:2341]
INFO: [Synth 8-638] synthesizing module 'Mercury_XU5_xbar_0' [/home/wto/Eos/ME-XU5-2EG-1I-D11E/Mercury_XU5_PE1.runs/synth_1/.Xil/Vivado-362015-yoga716/realtime/Mercury_XU5_xbar_0_stub.vhdl:93]
INFO: [Synth 8-256] done synthesizing module 'Mercury_XU5_axi_interconnect_0_0' (0#1) [/home/wto/Eos/ME-XU5-2EG-1I-D11E/Mercury_XU5_PE1.gen/sources_1/bd/Mercury_XU5/synth/Mercury_XU5.vhd:1689]
INFO: [Synth 8-3491] module 'Mercury_XU5_clk_wiz_0_0' declared at '/home/wto/Eos/ME-XU5-2EG-1I-D11E/Mercury_XU5_PE1.runs/synth_1/.Xil/Vivado-362015-yoga716/realtime/Mercury_XU5_clk_wiz_0_0_stub.vhdl:5' bound to instance 'clk_wiz_0' of component 'Mercury_XU5_clk_wiz_0_0' [/home/wto/Eos/ME-XU5-2EG-1I-D11E/Mercury_XU5_PE1.gen/sources_1/bd/Mercury_XU5/synth/Mercury_XU5.vhd:3376]
INFO: [Synth 8-638] synthesizing module 'Mercury_XU5_clk_wiz_0_0' [/home/wto/Eos/ME-XU5-2EG-1I-D11E/Mercury_XU5_PE1.runs/synth_1/.Xil/Vivado-362015-yoga716/realtime/Mercury_XU5_clk_wiz_0_0_stub.vhdl:18]
INFO: [Synth 8-3491] module 'Mercury_XU5_ddr4_0' declared at '/home/wto/Eos/ME-XU5-2EG-1I-D11E/Mercury_XU5_PE1.runs/synth_1/.Xil/Vivado-362015-yoga716/realtime/Mercury_XU5_ddr4_0_stub.vhdl:5' bound to instance 'ddr4' of component 'Mercury_XU5_ddr4_0' [/home/wto/Eos/ME-XU5-2EG-1I-D11E/Mercury_XU5_PE1.gen/sources_1/bd/Mercury_XU5/synth/Mercury_XU5.vhd:3386]
INFO: [Synth 8-638] synthesizing module 'Mercury_XU5_ddr4_0' [/home/wto/Eos/ME-XU5-2EG-1I-D11E/Mercury_XU5_PE1.runs/synth_1/.Xil/Vivado-362015-yoga716/realtime/Mercury_XU5_ddr4_0_stub.vhdl:71]
INFO: [Synth 8-3491] module 'Mercury_XU5_ddr4_sys_rst_0' declared at '/home/wto/Eos/ME-XU5-2EG-1I-D11E/Mercury_XU5_PE1.runs/synth_1/.Xil/Vivado-362015-yoga716/realtime/Mercury_XU5_ddr4_sys_rst_0_stub.vhdl:5' bound to instance 'ddr4_sys_rst' of component 'Mercury_XU5_ddr4_sys_rst_0' [/home/wto/Eos/ME-XU5-2EG-1I-D11E/Mercury_XU5_PE1.gen/sources_1/bd/Mercury_XU5/synth/Mercury_XU5.vhd:3449]
INFO: [Synth 8-638] synthesizing module 'Mercury_XU5_ddr4_sys_rst_0' [/home/wto/Eos/ME-XU5-2EG-1I-D11E/Mercury_XU5_PE1.runs/synth_1/.Xil/Vivado-362015-yoga716/realtime/Mercury_XU5_ddr4_sys_rst_0_stub.vhdl:21]
INFO: [Synth 8-3491] module 'Mercury_XU5_led_0' declared at '/home/wto/Eos/ME-XU5-2EG-1I-D11E/Mercury_XU5_PE1.runs/synth_1/.Xil/Vivado-362015-yoga716/realtime/Mercury_XU5_led_0_stub.vhdl:5' bound to instance 'led' of component 'Mercury_XU5_led_0' [/home/wto/Eos/ME-XU5-2EG-1I-D11E/Mercury_XU5_PE1.gen/sources_1/bd/Mercury_XU5/synth/Mercury_XU5.vhd:3462]
INFO: [Synth 8-638] synthesizing module 'Mercury_XU5_led_0' [/home/wto/Eos/ME-XU5-2EG-1I-D11E/Mercury_XU5_PE1.runs/synth_1/.Xil/Vivado-362015-yoga716/realtime/Mercury_XU5_led_0_stub.vhdl:31]
INFO: [Synth 8-3491] module 'Mercury_XU5_ps_sys_rst_0' declared at '/home/wto/Eos/ME-XU5-2EG-1I-D11E/Mercury_XU5_PE1.runs/synth_1/.Xil/Vivado-362015-yoga716/realtime/Mercury_XU5_ps_sys_rst_0_stub.vhdl:5' bound to instance 'ps_sys_rst' of component 'Mercury_XU5_ps_sys_rst_0' [/home/wto/Eos/ME-XU5-2EG-1I-D11E/Mercury_XU5_PE1.gen/sources_1/bd/Mercury_XU5/synth/Mercury_XU5.vhd:3485]
INFO: [Synth 8-638] synthesizing module 'Mercury_XU5_ps_sys_rst_0' [/home/wto/Eos/ME-XU5-2EG-1I-D11E/Mercury_XU5_PE1.runs/synth_1/.Xil/Vivado-362015-yoga716/realtime/Mercury_XU5_ps_sys_rst_0_stub.vhdl:21]
INFO: [Synth 8-3491] module 'Mercury_XU5_reg_bank_0_0' declared at '/home/wto/Eos/ME-XU5-2EG-1I-D11E/Mercury_XU5_PE1.runs/synth_1/.Xil/Vivado-362015-yoga716/realtime/Mercury_XU5_reg_bank_0_0_stub.vhdl:5' bound to instance 'reg_bank_0' of component 'Mercury_XU5_reg_bank_0_0' [/home/wto/Eos/ME-XU5-2EG-1I-D11E/Mercury_XU5_PE1.gen/sources_1/bd/Mercury_XU5/synth/Mercury_XU5.vhd:3498]
INFO: [Synth 8-638] synthesizing module 'Mercury_XU5_reg_bank_0_0' [/home/wto/Eos/ME-XU5-2EG-1I-D11E/Mercury_XU5_PE1.runs/synth_1/.Xil/Vivado-362015-yoga716/realtime/Mercury_XU5_reg_bank_0_0_stub.vhdl:34]
INFO: [Synth 8-3491] module 'Mercury_XU5_smartconnect_00_0' declared at '/home/wto/Eos/ME-XU5-2EG-1I-D11E/Mercury_XU5_PE1.runs/synth_1/.Xil/Vivado-362015-yoga716/realtime/Mercury_XU5_smartconnect_00_0_stub.vhdl:5' bound to instance 'smartconnect_00' of component 'Mercury_XU5_smartconnect_00_0' [/home/wto/Eos/ME-XU5-2EG-1I-D11E/Mercury_XU5_PE1.gen/sources_1/bd/Mercury_XU5/synth/Mercury_XU5.vhd:3524]
INFO: [Synth 8-638] synthesizing module 'Mercury_XU5_smartconnect_00_0' [/home/wto/Eos/ME-XU5-2EG-1I-D11E/Mercury_XU5_PE1.runs/synth_1/.Xil/Vivado-362015-yoga716/realtime/Mercury_XU5_smartconnect_00_0_stub.vhdl:90]
INFO: [Synth 8-3491] module 'Mercury_XU5_system_management_wiz_0' declared at '/home/wto/Eos/ME-XU5-2EG-1I-D11E/Mercury_XU5_PE1.runs/synth_1/.Xil/Vivado-362015-yoga716/realtime/Mercury_XU5_system_management_wiz_0_stub.vhdl:5' bound to instance 'system_management_wiz' of component 'Mercury_XU5_system_management_wiz_0' [/home/wto/Eos/ME-XU5-2EG-1I-D11E/Mercury_XU5_PE1.gen/sources_1/bd/Mercury_XU5/synth/Mercury_XU5.vhd:3606]
INFO: [Synth 8-638] synthesizing module 'Mercury_XU5_system_management_wiz_0' [/home/wto/Eos/ME-XU5-2EG-1I-D11E/Mercury_XU5_PE1.runs/synth_1/.Xil/Vivado-362015-yoga716/realtime/Mercury_XU5_system_management_wiz_0_stub.vhdl:43]
INFO: [Synth 8-3491] module 'Mercury_XU5_zynq_ultra_ps_e_0' declared at '/home/wto/Eos/ME-XU5-2EG-1I-D11E/Mercury_XU5_PE1.runs/synth_1/.Xil/Vivado-362015-yoga716/realtime/Mercury_XU5_zynq_ultra_ps_e_0_stub.vhdl:5' bound to instance 'zynq_ultra_ps_e' of component 'Mercury_XU5_zynq_ultra_ps_e_0' [/home/wto/Eos/ME-XU5-2EG-1I-D11E/Mercury_XU5_PE1.gen/sources_1/bd/Mercury_XU5/synth/Mercury_XU5.vhd:3641]
INFO: [Synth 8-638] synthesizing module 'Mercury_XU5_zynq_ultra_ps_e_0' [/home/wto/Eos/ME-XU5-2EG-1I-D11E/Mercury_XU5_PE1.runs/synth_1/.Xil/Vivado-362015-yoga716/realtime/Mercury_XU5_zynq_ultra_ps_e_0_stub.vhdl:120]
INFO: [Synth 8-256] done synthesizing module 'Mercury_XU5' (0#1) [/home/wto/Eos/ME-XU5-2EG-1I-D11E/Mercury_XU5_PE1.gen/sources_1/bd/Mercury_XU5/synth/Mercury_XU5.vhd:2529]
INFO: [Synth 8-3491] module 'IOBUF' declared at '/home/wto/Programs/Vivado/2022.2/scripts/rt/data/unisim_comp.v:75902' bound to instance 'IIC_scl_iobuf' of component 'IOBUF' [/home/wto/Eos/ME-XU5-2EG-1I-D11E/Mercury_XU5_PE1.srcs/sources_1/imports/src/Mercury_XU5_PE1.vhd:744]
INFO: [Synth 8-6157] synthesizing module 'IOBUF' [/home/wto/Programs/Vivado/2022.2/scripts/rt/data/unisim_comp.v:75902]
INFO: [Synth 8-6155] done synthesizing module 'IOBUF' (0#1) [/home/wto/Programs/Vivado/2022.2/scripts/rt/data/unisim_comp.v:75902]
INFO: [Synth 8-3491] module 'IOBUF' declared at '/home/wto/Programs/Vivado/2022.2/scripts/rt/data/unisim_comp.v:75902' bound to instance 'IIC_sda_iobuf' of component 'IOBUF' [/home/wto/Eos/ME-XU5-2EG-1I-D11E/Mercury_XU5_PE1.srcs/sources_1/imports/src/Mercury_XU5_PE1.vhd:752]
INFO: [Synth 8-3491] module 'IOBUF' declared at '/home/wto/Programs/Vivado/2022.2/scripts/rt/data/unisim_comp.v:75902' bound to instance 'MDIO_mdio_iobuf' of component 'IOBUF' [/home/wto/Eos/ME-XU5-2EG-1I-D11E/Mercury_XU5_PE1.srcs/sources_1/imports/src/Mercury_XU5_PE1.vhd:778]
INFO: [Synth 8-637] synthesizing blackbox instance 'i_gmii2rgmii' of component 'Mercury_XU5_GMII2RGMII' [/home/wto/Eos/ME-XU5-2EG-1I-D11E/Mercury_XU5_PE1.srcs/sources_1/imports/src/Mercury_XU5_PE1.vhd:786]
INFO: [Synth 8-256] done synthesizing module 'Mercury_XU5_PE1' (0#1) [/home/wto/Eos/ME-XU5-2EG-1I-D11E/Mercury_XU5_PE1.srcs/sources_1/imports/src/Mercury_XU5_PE1.vhd:242]
WARNING: [Synth 8-3848] Net LED1 in module/entity EosMuon does not have driver. [/home/wto/Eos/ME-XU5-2EG-1I-D11E/Mercury_XU5_PE1.srcs/sources_1/new/EosMuon.v:6]
WARNING: [Synth 8-3848] Net LED2 in module/entity EosMuon does not have driver. [/home/wto/Eos/ME-XU5-2EG-1I-D11E/Mercury_XU5_PE1.srcs/sources_1/new/EosMuon.v:7]
WARNING: [Synth 8-3848] Net LED3 in module/entity EosMuon does not have driver. [/home/wto/Eos/ME-XU5-2EG-1I-D11E/Mercury_XU5_PE1.srcs/sources_1/new/EosMuon.v:8]
WARNING: [Synth 8-7129] Port M_ACLK in module s00_couplers_imp_17XXMTV is either unconnected or has no load
WARNING: [Synth 8-7129] Port M_ARESETN in module s00_couplers_imp_17XXMTV is either unconnected or has no load
WARNING: [Synth 8-7129] Port S_ACLK in module s00_couplers_imp_17XXMTV is either unconnected or has no load
WARNING: [Synth 8-7129] Port S_ARESETN in module s00_couplers_imp_17XXMTV is either unconnected or has no load
WARNING: [Synth 8-7129] Port M_ACLK in module m01_couplers_imp_1TWH8PP is either unconnected or has no load
WARNING: [Synth 8-7129] Port M_ARESETN in module m01_couplers_imp_1TWH8PP is either unconnected or has no load
WARNING: [Synth 8-7129] Port S_AXI_araddr[39] in module m00_couplers_imp_VQEI83 is either unconnected or has no load
WARNING: [Synth 8-7129] Port S_AXI_araddr[38] in module m00_couplers_imp_VQEI83 is either unconnected or has no load
WARNING: [Synth 8-7129] Port S_AXI_araddr[37] in module m00_couplers_imp_VQEI83 is either unconnected or has no load
WARNING: [Synth 8-7129] Port S_AXI_araddr[36] in module m00_couplers_imp_VQEI83 is either unconnected or has no load
WARNING: [Synth 8-7129] Port S_AXI_araddr[35] in module m00_couplers_imp_VQEI83 is either unconnected or has no load
WARNING: [Synth 8-7129] Port S_AXI_araddr[34] in module m00_couplers_imp_VQEI83 is either unconnected or has no load
WARNING: [Synth 8-7129] Port S_AXI_araddr[33] in module m00_couplers_imp_VQEI83 is either unconnected or has no load
WARNING: [Synth 8-7129] Port S_AXI_araddr[32] in module m00_couplers_imp_VQEI83 is either unconnected or has no load
WARNING: [Synth 8-7129] Port S_AXI_araddr[31] in module m00_couplers_imp_VQEI83 is either unconnected or has no load
WARNING: [Synth 8-7129] Port S_AXI_araddr[30] in module m00_couplers_imp_VQEI83 is either unconnected or has no load
WARNING: [Synth 8-7129] Port S_AXI_araddr[29] in module m00_couplers_imp_VQEI83 is either unconnected or has no load
WARNING: [Synth 8-7129] Port S_AXI_awaddr[39] in module m00_couplers_imp_VQEI83 is either unconnected or has no load
WARNING: [Synth 8-7129] Port S_AXI_awaddr[38] in module m00_couplers_imp_VQEI83 is either unconnected or has no load
WARNING: [Synth 8-7129] Port S_AXI_awaddr[37] in module m00_couplers_imp_VQEI83 is either unconnected or has no load
WARNING: [Synth 8-7129] Port S_AXI_awaddr[36] in module m00_couplers_imp_VQEI83 is either unconnected or has no load
WARNING: [Synth 8-7129] Port S_AXI_awaddr[35] in module m00_couplers_imp_VQEI83 is either unconnected or has no load
WARNING: [Synth 8-7129] Port S_AXI_awaddr[34] in module m00_couplers_imp_VQEI83 is either unconnected or has no load
WARNING: [Synth 8-7129] Port S_AXI_awaddr[33] in module m00_couplers_imp_VQEI83 is either unconnected or has no load
WARNING: [Synth 8-7129] Port S_AXI_awaddr[32] in module m00_couplers_imp_VQEI83 is either unconnected or has no load
WARNING: [Synth 8-7129] Port S_AXI_awaddr[31] in module m00_couplers_imp_VQEI83 is either unconnected or has no load
WARNING: [Synth 8-7129] Port S_AXI_awaddr[30] in module m00_couplers_imp_VQEI83 is either unconnected or has no load
WARNING: [Synth 8-7129] Port S_AXI_awaddr[29] in module m00_couplers_imp_VQEI83 is either unconnected or has no load
WARNING: [Synth 8-7129] Port LED1 in module EosMuon is either unconnected or has no load
WARNING: [Synth 8-7129] Port LED2 in module EosMuon is either unconnected or has no load
WARNING: [Synth 8-7129] Port LED3 in module EosMuon is either unconnected or has no load
WARNING: [Synth 8-7129] Port Clk50 in module EosMuon is either unconnected or has no load
WARNING: [Synth 8-7129] Port A23 in module EosMuon is either unconnected or has no load
WARNING: [Synth 8-7129] Port A22 in module EosMuon is either unconnected or has no load
WARNING: [Synth 8-7129] Port A21 in module EosMuon is either unconnected or has no load
WARNING: [Synth 8-7129] Port A20 in module EosMuon is either unconnected or has no load
WARNING: [Synth 8-7129] Port A19 in module EosMuon is either unconnected or has no load
WARNING: [Synth 8-7129] Port A18 in module EosMuon is either unconnected or has no load
WARNING: [Synth 8-7129] Port A17 in module EosMuon is either unconnected or has no load
WARNING: [Synth 8-7129] Port A16 in module EosMuon is either unconnected or has no load
WARNING: [Synth 8-7129] Port A15 in module EosMuon is either unconnected or has no load
WARNING: [Synth 8-7129] Port A14 in module EosMuon is either unconnected or has no load
WARNING: [Synth 8-7129] Port A13 in module EosMuon is either unconnected or has no load
WARNING: [Synth 8-7129] Port A12 in module EosMuon is either unconnected or has no load
WARNING: [Synth 8-7129] Port A11 in module EosMuon is either unconnected or has no load
WARNING: [Synth 8-7129] Port A10 in module EosMuon is either unconnected or has no load
WARNING: [Synth 8-7129] Port A9 in module EosMuon is either unconnected or has no load
WARNING: [Synth 8-7129] Port A8 in module EosMuon is either unconnected or has no load
WARNING: [Synth 8-7129] Port A7 in module EosMuon is either unconnected or has no load
WARNING: [Synth 8-7129] Port A6 in module EosMuon is either unconnected or has no load
WARNING: [Synth 8-7129] Port A5 in module EosMuon is either unconnected or has no load
WARNING: [Synth 8-7129] Port A4 in module EosMuon is either unconnected or has no load
WARNING: [Synth 8-7129] Port A3 in module EosMuon is either unconnected or has no load
WARNING: [Synth 8-7129] Port A2 in module EosMuon is either unconnected or has no load
WARNING: [Synth 8-7129] Port A1 in module EosMuon is either unconnected or has no load
WARNING: [Synth 8-7129] Port A0 in module EosMuon is either unconnected or has no load
WARNING: [Synth 8-7129] Port ACLK1 in module EosMuon is either unconnected or has no load
WARNING: [Synth 8-7129] Port ACLK0 in module EosMuon is either unconnected or has no load
WARNING: [Synth 8-7129] Port B23 in module EosMuon is either unconnected or has no load
WARNING: [Synth 8-7129] Port B22 in module EosMuon is either unconnected or has no load
WARNING: [Synth 8-7129] Port B21 in module EosMuon is either unconnected or has no load
WARNING: [Synth 8-7129] Port B20 in module EosMuon is either unconnected or has no load
WARNING: [Synth 8-7129] Port B19 in module EosMuon is either unconnected or has no load
WARNING: [Synth 8-7129] Port B18 in module EosMuon is either unconnected or has no load
WARNING: [Synth 8-7129] Port B17 in module EosMuon is either unconnected or has no load
WARNING: [Synth 8-7129] Port B16 in module EosMuon is either unconnected or has no load
WARNING: [Synth 8-7129] Port B15 in module EosMuon is either unconnected or has no load
WARNING: [Synth 8-7129] Port B14 in module EosMuon is either unconnected or has no load
WARNING: [Synth 8-7129] Port B13 in module EosMuon is either unconnected or has no load
WARNING: [Synth 8-7129] Port B12 in module EosMuon is either unconnected or has no load
WARNING: [Synth 8-7129] Port B11 in module EosMuon is either unconnected or has no load
WARNING: [Synth 8-7129] Port B10 in module EosMuon is either unconnected or has no load
WARNING: [Synth 8-7129] Port B9 in module EosMuon is either unconnected or has no load
WARNING: [Synth 8-7129] Port B8 in module EosMuon is either unconnected or has no load
WARNING: [Synth 8-7129] Port B7 in module EosMuon is either unconnected or has no load
WARNING: [Synth 8-7129] Port B6 in module EosMuon is either unconnected or has no load
WARNING: [Synth 8-7129] Port B5 in module EosMuon is either unconnected or has no load
WARNING: [Synth 8-7129] Port B4 in module EosMuon is either unconnected or has no load
WARNING: [Synth 8-7129] Port B3 in module EosMuon is either unconnected or has no load
WARNING: [Synth 8-7129] Port B2 in module EosMuon is either unconnected or has no load
WARNING: [Synth 8-7129] Port B1 in module EosMuon is either unconnected or has no load
WARNING: [Synth 8-7129] Port B0 in module EosMuon is either unconnected or has no load
WARNING: [Synth 8-7129] Port BCLK1 in module EosMuon is either unconnected or has no load
WARNING: [Synth 8-7129] Port BCLK0 in module EosMuon is either unconnected or has no load
WARNING: [Synth 8-7129] Port FMC02N in module EosMuon is either unconnected or has no load
WARNING: [Synth 8-7129] Port FMC02P in module EosMuon is either unconnected or has no load
WARNING: [Synth 8-7129] Port FMC03N in module EosMuon is either unconnected or has no load
WARNING: [Synth 8-7129] Port FMC03P in module EosMuon is either unconnected or has no load
WARNING: [Synth 8-7129] Port FMC04N in module EosMuon is either unconnected or has no load
WARNING: [Synth 8-7129] Port FMC04P in module EosMuon is either unconnected or has no load
WARNING: [Synth 8-7129] Port FMC05N in module EosMuon is either unconnected or has no load
WARNING: [Synth 8-7129] Port FMC05P in module EosMuon is either unconnected or has no load
WARNING: [Synth 8-7129] Port FMC06N in module EosMuon is either unconnected or has no load
WARNING: [Synth 8-7129] Port FMC06P in module EosMuon is either unconnected or has no load
WARNING: [Synth 8-7129] Port FMC07N in module EosMuon is either unconnected or has no load
WARNING: [Synth 8-7129] Port FMC07P in module EosMuon is either unconnected or has no load
WARNING: [Synth 8-7129] Port FMC08N in module EosMuon is either unconnected or has no load
WARNING: [Synth 8-7129] Port FMC08P in module EosMuon is either unconnected or has no load
WARNING: [Synth 8-7129] Port FMC09N in module EosMuon is either unconnected or has no load
WARNING: [Synth 8-7129] Port FMC09P in module EosMuon is either unconnected or has no load
INFO: [Common 17-14] Message 'Synth 8-7129' appears 100 times and further instances of the messages will be disabled. Use the Tcl command set_msg_config to change the current settings.
---------------------------------------------------------------------------------
Finished RTL Elaboration : Time (s): cpu = 00:00:04 ; elapsed = 00:00:05 . Memory (MB): peak = 2518.727 ; gain = 321.738 ; free physical = 2126 ; free virtual = 13831
Synthesis current peak Physical Memory [PSS] (MB): peak = 1879.807; parent = 1665.914; children = 213.893
Synthesis current peak Virtual Memory [VSS] (MB): peak = 3484.152; parent = 2518.727; children = 965.426
---------------------------------------------------------------------------------
---------------------------------------------------------------------------------
Start Handling Custom Attributes
---------------------------------------------------------------------------------
---------------------------------------------------------------------------------
Finished Handling Custom Attributes : Time (s): cpu = 00:00:04 ; elapsed = 00:00:05 . Memory (MB): peak = 2533.570 ; gain = 336.582 ; free physical = 2126 ; free virtual = 13831
Synthesis current peak Physical Memory [PSS] (MB): peak = 1879.807; parent = 1665.914; children = 213.893
Synthesis current peak Virtual Memory [VSS] (MB): peak = 3498.996; parent = 2533.570; children = 965.426
---------------------------------------------------------------------------------
---------------------------------------------------------------------------------
Finished RTL Optimization Phase 1 : Time (s): cpu = 00:00:04 ; elapsed = 00:00:05 . Memory (MB): peak = 2533.570 ; gain = 336.582 ; free physical = 2126 ; free virtual = 13831
Synthesis current peak Physical Memory [PSS] (MB): peak = 1879.807; parent = 1665.914; children = 213.893
Synthesis current peak Virtual Memory [VSS] (MB): peak = 3498.996; parent = 2533.570; children = 965.426
---------------------------------------------------------------------------------
Netlist sorting complete. Time (s): cpu = 00:00:00.03 ; elapsed = 00:00:00.03 . Memory (MB): peak = 2547.508 ; gain = 0.000 ; free physical = 2119 ; free virtual = 13825
INFO: [Netlist 29-17] Analyzing 3 Unisim elements for replacement
INFO: [Netlist 29-28] Unisim Transformation completed in 0 CPU seconds
WARNING: [Netlist 29-1115] Found multi-term driver net: IOC_D0_P.
WARNING: [Netlist 29-1115] Found multi-term driver net: IOC_D1_N.
INFO: [Project 1-570] Preparing netlist for logic optimization

Processing XDC Constraints
Initializing timing engine
Parsing XDC File [/home/wto/Eos/ME-XU5-2EG-1I-D11E/Mercury_XU5_PE1.gen/sources_1/bd/Mercury_XU5/ip/Mercury_XU5_zynq_ultra_ps_e_0/Mercury_XU5_zynq_ultra_ps_e_0/Mercury_XU5_zynq_ultra_ps_e_0_in_context.xdc] for cell 'Mercury_XU5_i/zynq_ultra_ps_e'
Finished Parsing XDC File [/home/wto/Eos/ME-XU5-2EG-1I-D11E/Mercury_XU5_PE1.gen/sources_1/bd/Mercury_XU5/ip/Mercury_XU5_zynq_ultra_ps_e_0/Mercury_XU5_zynq_ultra_ps_e_0/Mercury_XU5_zynq_ultra_ps_e_0_in_context.xdc] for cell 'Mercury_XU5_i/zynq_ultra_ps_e'
Parsing XDC File [/home/wto/Eos/ME-XU5-2EG-1I-D11E/Mercury_XU5_PE1.gen/sources_1/bd/Mercury_XU5/ip/Mercury_XU5_system_management_wiz_0/Mercury_XU5_system_management_wiz_0/Mercury_XU5_system_management_wiz_0_in_context.xdc] for cell 'Mercury_XU5_i/system_management_wiz'
Finished Parsing XDC File [/home/wto/Eos/ME-XU5-2EG-1I-D11E/Mercury_XU5_PE1.gen/sources_1/bd/Mercury_XU5/ip/Mercury_XU5_system_management_wiz_0/Mercury_XU5_system_management_wiz_0/Mercury_XU5_system_management_wiz_0_in_context.xdc] for cell 'Mercury_XU5_i/system_management_wiz'
Parsing XDC File [/home/wto/Eos/ME-XU5-2EG-1I-D11E/Mercury_XU5_PE1.gen/sources_1/bd/Mercury_XU5/ip/Mercury_XU5_led_0/Mercury_XU5_led_0/Mercury_XU5_led_0_in_context.xdc] for cell 'Mercury_XU5_i/led'
Finished Parsing XDC File [/home/wto/Eos/ME-XU5-2EG-1I-D11E/Mercury_XU5_PE1.gen/sources_1/bd/Mercury_XU5/ip/Mercury_XU5_led_0/Mercury_XU5_led_0/Mercury_XU5_led_0_in_context.xdc] for cell 'Mercury_XU5_i/led'
Parsing XDC File [/home/wto/Eos/ME-XU5-2EG-1I-D11E/Mercury_XU5_PE1.gen/sources_1/bd/Mercury_XU5/ip/Mercury_XU5_ddr4_0/Mercury_XU5_ddr4_0/Mercury_XU5_ddr4_0_in_context.xdc] for cell 'Mercury_XU5_i/ddr4'
Finished Parsing XDC File [/home/wto/Eos/ME-XU5-2EG-1I-D11E/Mercury_XU5_PE1.gen/sources_1/bd/Mercury_XU5/ip/Mercury_XU5_ddr4_0/Mercury_XU5_ddr4_0/Mercury_XU5_ddr4_0_in_context.xdc] for cell 'Mercury_XU5_i/ddr4'
Parsing XDC File [/home/wto/Eos/ME-XU5-2EG-1I-D11E/Mercury_XU5_PE1.gen/sources_1/bd/Mercury_XU5/ip/Mercury_XU5_xbar_0/Mercury_XU5_xbar_0/Mercury_XU5_xbar_0_in_context.xdc] for cell 'Mercury_XU5_i/axi_interconnect_0/xbar'
Finished Parsing XDC File [/home/wto/Eos/ME-XU5-2EG-1I-D11E/Mercury_XU5_PE1.gen/sources_1/bd/Mercury_XU5/ip/Mercury_XU5_xbar_0/Mercury_XU5_xbar_0/Mercury_XU5_xbar_0_in_context.xdc] for cell 'Mercury_XU5_i/axi_interconnect_0/xbar'
Parsing XDC File [/home/wto/Eos/ME-XU5-2EG-1I-D11E/Mercury_XU5_PE1.gen/sources_1/bd/Mercury_XU5/ip/Mercury_XU5_auto_cc_0/Mercury_XU5_auto_cc_0/Mercury_XU5_auto_cc_0_in_context.xdc] for cell 'Mercury_XU5_i/axi_interconnect_0/m00_couplers/auto_cc'
Finished Parsing XDC File [/home/wto/Eos/ME-XU5-2EG-1I-D11E/Mercury_XU5_PE1.gen/sources_1/bd/Mercury_XU5/ip/Mercury_XU5_auto_cc_0/Mercury_XU5_auto_cc_0/Mercury_XU5_auto_cc_0_in_context.xdc] for cell 'Mercury_XU5_i/axi_interconnect_0/m00_couplers/auto_cc'
Parsing XDC File [/home/wto/Eos/ME-XU5-2EG-1I-D11E/Mercury_XU5_PE1.gen/sources_1/bd/Mercury_XU5/ip/Mercury_XU5_auto_ds_0/Mercury_XU5_auto_ds_0/Mercury_XU5_auto_ds_0_in_context.xdc] for cell 'Mercury_XU5_i/axi_interconnect_0/m01_couplers/auto_ds'
Finished Parsing XDC File [/home/wto/Eos/ME-XU5-2EG-1I-D11E/Mercury_XU5_PE1.gen/sources_1/bd/Mercury_XU5/ip/Mercury_XU5_auto_ds_0/Mercury_XU5_auto_ds_0/Mercury_XU5_auto_ds_0_in_context.xdc] for cell 'Mercury_XU5_i/axi_interconnect_0/m01_couplers/auto_ds'
Parsing XDC File [/home/wto/Eos/ME-XU5-2EG-1I-D11E/Mercury_XU5_PE1.gen/sources_1/bd/Mercury_XU5/ip/Mercury_XU5_auto_pc_0/Mercury_XU5_auto_pc_0/Mercury_XU5_auto_pc_0_in_context.xdc] for cell 'Mercury_XU5_i/axi_interconnect_0/m01_couplers/auto_pc'
Finished Parsing XDC File [/home/wto/Eos/ME-XU5-2EG-1I-D11E/Mercury_XU5_PE1.gen/sources_1/bd/Mercury_XU5/ip/Mercury_XU5_auto_pc_0/Mercury_XU5_auto_pc_0/Mercury_XU5_auto_pc_0_in_context.xdc] for cell 'Mercury_XU5_i/axi_interconnect_0/m01_couplers/auto_pc'
Parsing XDC File [/home/wto/Eos/ME-XU5-2EG-1I-D11E/Mercury_XU5_PE1.gen/sources_1/bd/Mercury_XU5/ip/Mercury_XU5_auto_rs_0/Mercury_XU5_auto_rs_0/Mercury_XU5_auto_rs_0_in_context.xdc] for cell 'Mercury_XU5_i/axi_interconnect_0/m01_couplers/auto_rs'
Finished Parsing XDC File [/home/wto/Eos/ME-XU5-2EG-1I-D11E/Mercury_XU5_PE1.gen/sources_1/bd/Mercury_XU5/ip/Mercury_XU5_auto_rs_0/Mercury_XU5_auto_rs_0/Mercury_XU5_auto_rs_0_in_context.xdc] for cell 'Mercury_XU5_i/axi_interconnect_0/m01_couplers/auto_rs'
Parsing XDC File [/home/wto/Eos/ME-XU5-2EG-1I-D11E/Mercury_XU5_PE1.gen/sources_1/bd/Mercury_XU5/ip/Mercury_XU5_auto_rs_w_0/Mercury_XU5_auto_rs_w_0/Mercury_XU5_auto_rs_w_0_in_context.xdc] for cell 'Mercury_XU5_i/axi_interconnect_0/m01_couplers/auto_rs_w'
Finished Parsing XDC File [/home/wto/Eos/ME-XU5-2EG-1I-D11E/Mercury_XU5_PE1.gen/sources_1/bd/Mercury_XU5/ip/Mercury_XU5_auto_rs_w_0/Mercury_XU5_auto_rs_w_0/Mercury_XU5_auto_rs_w_0_in_context.xdc] for cell 'Mercury_XU5_i/axi_interconnect_0/m01_couplers/auto_rs_w'
Parsing XDC File [/home/wto/Eos/ME-XU5-2EG-1I-D11E/Mercury_XU5_PE1.gen/sources_1/bd/Mercury_XU5/ip/Mercury_XU5_clk_wiz_0_0/Mercury_XU5_clk_wiz_0_0/Mercury_XU5_clk_wiz_0_0_in_context.xdc] for cell 'Mercury_XU5_i/clk_wiz_0'
Finished Parsing XDC File [/home/wto/Eos/ME-XU5-2EG-1I-D11E/Mercury_XU5_PE1.gen/sources_1/bd/Mercury_XU5/ip/Mercury_XU5_clk_wiz_0_0/Mercury_XU5_clk_wiz_0_0/Mercury_XU5_clk_wiz_0_0_in_context.xdc] for cell 'Mercury_XU5_i/clk_wiz_0'
Parsing XDC File [/home/wto/Eos/ME-XU5-2EG-1I-D11E/Mercury_XU5_PE1.gen/sources_1/bd/Mercury_XU5/ip/Mercury_XU5_ps_sys_rst_0/Mercury_XU5_ps_sys_rst_0/Mercury_XU5_ps_sys_rst_0_in_context.xdc] for cell 'Mercury_XU5_i/ps_sys_rst'
Finished Parsing XDC File [/home/wto/Eos/ME-XU5-2EG-1I-D11E/Mercury_XU5_PE1.gen/sources_1/bd/Mercury_XU5/ip/Mercury_XU5_ps_sys_rst_0/Mercury_XU5_ps_sys_rst_0/Mercury_XU5_ps_sys_rst_0_in_context.xdc] for cell 'Mercury_XU5_i/ps_sys_rst'
Parsing XDC File [/home/wto/Eos/ME-XU5-2EG-1I-D11E/Mercury_XU5_PE1.gen/sources_1/bd/Mercury_XU5/ip/Mercury_XU5_ddr4_sys_rst_0/Mercury_XU5_ddr4_sys_rst_0/Mercury_XU5_ddr4_sys_rst_0_in_context.xdc] for cell 'Mercury_XU5_i/ddr4_sys_rst'
Finished Parsing XDC File [/home/wto/Eos/ME-XU5-2EG-1I-D11E/Mercury_XU5_PE1.gen/sources_1/bd/Mercury_XU5/ip/Mercury_XU5_ddr4_sys_rst_0/Mercury_XU5_ddr4_sys_rst_0/Mercury_XU5_ddr4_sys_rst_0_in_context.xdc] for cell 'Mercury_XU5_i/ddr4_sys_rst'
Parsing XDC File [/home/wto/Eos/ME-XU5-2EG-1I-D11E/Mercury_XU5_PE1.gen/sources_1/bd/Mercury_XU5/ip/Mercury_XU5_smartconnect_00_0/Mercury_XU5_smartconnect_00_0/Mercury_XU5_smartconnect_00_0_in_context.xdc] for cell 'Mercury_XU5_i/smartconnect_00'
Finished Parsing XDC File [/home/wto/Eos/ME-XU5-2EG-1I-D11E/Mercury_XU5_PE1.gen/sources_1/bd/Mercury_XU5/ip/Mercury_XU5_smartconnect_00_0/Mercury_XU5_smartconnect_00_0/Mercury_XU5_smartconnect_00_0_in_context.xdc] for cell 'Mercury_XU5_i/smartconnect_00'
Parsing XDC File [/home/wto/Eos/ME-XU5-2EG-1I-D11E/Mercury_XU5_PE1.gen/sources_1/bd/Mercury_XU5/ip/Mercury_XU5_reg_bank_0_0/Mercury_XU5_reg_bank_0_0/Mercury_XU5_reg_bank_0_0_in_context.xdc] for cell 'Mercury_XU5_i/reg_bank_0'
Finished Parsing XDC File [/home/wto/Eos/ME-XU5-2EG-1I-D11E/Mercury_XU5_PE1.gen/sources_1/bd/Mercury_XU5/ip/Mercury_XU5_reg_bank_0_0/Mercury_XU5_reg_bank_0_0/Mercury_XU5_reg_bank_0_0_in_context.xdc] for cell 'Mercury_XU5_i/reg_bank_0'
Sourcing Tcl File [/home/wto/Eos/ME-XU5-2EG-1I-D11E/Mercury_XU5_PE1.srcs/constrs_1/imports/src/Mercury_XU5_PE1.tcl]
INFO: [Vivado 12-1808] Property 'PACKAGE_PIN' is not supported for elaborated designs for objects of type 'port'. [/home/wto/Eos/ME-XU5-2EG-1I-D11E/Mercury_XU5_PE1.srcs/constrs_1/imports/src/Mercury_XU5_PE1.tcl:88]
Finished Sourcing Tcl File [/home/wto/Eos/ME-XU5-2EG-1I-D11E/Mercury_XU5_PE1.srcs/constrs_1/imports/src/Mercury_XU5_PE1.tcl]
INFO: [Project 1-236] Implementation specific constraints were found while reading constraint file [/home/wto/Eos/ME-XU5-2EG-1I-D11E/Mercury_XU5_PE1.srcs/constrs_1/imports/src/Mercury_XU5_PE1.tcl]. These constraints will be ignored for synthesis but will be used in implementation. Impacted constraints are listed in the file [.Xil/Mercury_XU5_PE1_propImpl.xdc].
Resolution: To avoid this warning, move constraints listed in [.Xil/Mercury_XU5_PE1_propImpl.xdc] to another XDC file and exclude this new file from synthesis with the used_in_synthesis property (File Properties dialog in GUI) and re-run elaboration/synthesis.
Parsing XDC File [/home/wto/Eos/ME-XU5-2EG-1I-D11E/Mercury_XU5_PE1.runs/synth_1/dont_touch.xdc]
Finished Parsing XDC File [/home/wto/Eos/ME-XU5-2EG-1I-D11E/Mercury_XU5_PE1.runs/synth_1/dont_touch.xdc]
Completed Processing XDC Constraints

Netlist sorting complete. Time (s): cpu = 00:00:00 ; elapsed = 00:00:00 . Memory (MB): peak = 2679.352 ; gain = 0.000 ; free physical = 2016 ; free virtual = 13725
INFO: [Project 1-111] Unisim Transformation Summary:
  A total of 3 instances were transformed.
  IOBUF => IOBUF (IBUFCTRL, INBUF, OBUFT): 3 instances

Constraint Validation Runtime : Time (s): cpu = 00:00:00 ; elapsed = 00:00:00.01 . Memory (MB): peak = 2679.352 ; gain = 0.000 ; free physical = 2016 ; free virtual = 13725
INFO: [Designutils 20-5440] No compile time benefit to using incremental synthesis; A full resynthesis will be run
INFO: [Designutils 20-4379] Flow is switching to default flow due to incremental criteria not met. If you would like to alter this behaviour and have the flow terminate instead, please set the following parameter config_implementation {autoIncr.Synth.RejectBehavior Terminate}
INFO: [Synth 8-11241] undeclared symbol 'REGCCE', assumed default net type 'wire' [/home/wto/Programs/Vivado/2022.2/data/verilog/src/unimacro/BRAM_SINGLE_MACRO.v:2170]
---------------------------------------------------------------------------------
Finished Constraint Validation : Time (s): cpu = 00:00:11 ; elapsed = 00:00:12 . Memory (MB): peak = 2679.352 ; gain = 482.363 ; free physical = 2108 ; free virtual = 13817
Synthesis current peak Physical Memory [PSS] (MB): peak = 1879.994; parent = 1666.814; children = 213.893
Synthesis current peak Virtual Memory [VSS] (MB): peak = 3612.762; parent = 2647.336; children = 965.426
---------------------------------------------------------------------------------
---------------------------------------------------------------------------------
Start Loading Part and Timing Information
---------------------------------------------------------------------------------
Loading part: xczu2eg-sfvc784-1-i
INFO: [Synth 8-6742] Reading net delay rules and data
---------------------------------------------------------------------------------
Finished Loading Part and Timing Information : Time (s): cpu = 00:00:11 ; elapsed = 00:00:13 . Memory (MB): peak = 2679.352 ; gain = 482.363 ; free physical = 2108 ; free virtual = 13817
Synthesis current peak Physical Memory [PSS] (MB): peak = 1879.994; parent = 1666.814; children = 213.893
Synthesis current peak Virtual Memory [VSS] (MB): peak = 3612.762; parent = 2647.336; children = 965.426
---------------------------------------------------------------------------------
---------------------------------------------------------------------------------
Start Applying 'set_property' XDC Constraints
---------------------------------------------------------------------------------
Applied set_property IO_BUFFER_TYPE = NONE for DDR4PL_ACT_N. (constraint file  /home/wto/Eos/ME-XU5-2EG-1I-D11E/Mercury_XU5_PE1.gen/sources_1/bd/Mercury_XU5/ip/Mercury_XU5_ddr4_0/Mercury_XU5_ddr4_0/Mercury_XU5_ddr4_0_in_context.xdc, line 4).
Applied set_property CLOCK_BUFFER_TYPE = NONE for DDR4PL_ACT_N. (constraint file  /home/wto/Eos/ME-XU5-2EG-1I-D11E/Mercury_XU5_PE1.gen/sources_1/bd/Mercury_XU5/ip/Mercury_XU5_ddr4_0/Mercury_XU5_ddr4_0/Mercury_XU5_ddr4_0_in_context.xdc, line 5).
Applied set_property IO_BUFFER_TYPE = NONE for DDR4PL_A[0]. (constraint file  /home/wto/Eos/ME-XU5-2EG-1I-D11E/Mercury_XU5_PE1.gen/sources_1/bd/Mercury_XU5/ip/Mercury_XU5_ddr4_0/Mercury_XU5_ddr4_0/Mercury_XU5_ddr4_0_in_context.xdc, line 6).
Applied set_property CLOCK_BUFFER_TYPE = NONE for DDR4PL_A[0]. (constraint file  /home/wto/Eos/ME-XU5-2EG-1I-D11E/Mercury_XU5_PE1.gen/sources_1/bd/Mercury_XU5/ip/Mercury_XU5_ddr4_0/Mercury_XU5_ddr4_0/Mercury_XU5_ddr4_0_in_context.xdc, line 7).
Applied set_property IO_BUFFER_TYPE = NONE for DDR4PL_A[10]. (constraint file  /home/wto/Eos/ME-XU5-2EG-1I-D11E/Mercury_XU5_PE1.gen/sources_1/bd/Mercury_XU5/ip/Mercury_XU5_ddr4_0/Mercury_XU5_ddr4_0/Mercury_XU5_ddr4_0_in_context.xdc, line 8).
Applied set_property CLOCK_BUFFER_TYPE = NONE for DDR4PL_A[10]. (constraint file  /home/wto/Eos/ME-XU5-2EG-1I-D11E/Mercury_XU5_PE1.gen/sources_1/bd/Mercury_XU5/ip/Mercury_XU5_ddr4_0/Mercury_XU5_ddr4_0/Mercury_XU5_ddr4_0_in_context.xdc, line 9).
Applied set_property IO_BUFFER_TYPE = NONE for DDR4PL_A[11]. (constraint file  /home/wto/Eos/ME-XU5-2EG-1I-D11E/Mercury_XU5_PE1.gen/sources_1/bd/Mercury_XU5/ip/Mercury_XU5_ddr4_0/Mercury_XU5_ddr4_0/Mercury_XU5_ddr4_0_in_context.xdc, line 10).
Applied set_property CLOCK_BUFFER_TYPE = NONE for DDR4PL_A[11]. (constraint file  /home/wto/Eos/ME-XU5-2EG-1I-D11E/Mercury_XU5_PE1.gen/sources_1/bd/Mercury_XU5/ip/Mercury_XU5_ddr4_0/Mercury_XU5_ddr4_0/Mercury_XU5_ddr4_0_in_context.xdc, line 11).
Applied set_property IO_BUFFER_TYPE = NONE for DDR4PL_A[12]. (constraint file  /home/wto/Eos/ME-XU5-2EG-1I-D11E/Mercury_XU5_PE1.gen/sources_1/bd/Mercury_XU5/ip/Mercury_XU5_ddr4_0/Mercury_XU5_ddr4_0/Mercury_XU5_ddr4_0_in_context.xdc, line 12).
Applied set_property CLOCK_BUFFER_TYPE = NONE for DDR4PL_A[12]. (constraint file  /home/wto/Eos/ME-XU5-2EG-1I-D11E/Mercury_XU5_PE1.gen/sources_1/bd/Mercury_XU5/ip/Mercury_XU5_ddr4_0/Mercury_XU5_ddr4_0/Mercury_XU5_ddr4_0_in_context.xdc, line 13).
Applied set_property IO_BUFFER_TYPE = NONE for DDR4PL_A[13]. (constraint file  /home/wto/Eos/ME-XU5-2EG-1I-D11E/Mercury_XU5_PE1.gen/sources_1/bd/Mercury_XU5/ip/Mercury_XU5_ddr4_0/Mercury_XU5_ddr4_0/Mercury_XU5_ddr4_0_in_context.xdc, line 14).
Applied set_property CLOCK_BUFFER_TYPE = NONE for DDR4PL_A[13]. (constraint file  /home/wto/Eos/ME-XU5-2EG-1I-D11E/Mercury_XU5_PE1.gen/sources_1/bd/Mercury_XU5/ip/Mercury_XU5_ddr4_0/Mercury_XU5_ddr4_0/Mercury_XU5_ddr4_0_in_context.xdc, line 15).
Applied set_property IO_BUFFER_TYPE = NONE for DDR4PL_A[14]. (constraint file  /home/wto/Eos/ME-XU5-2EG-1I-D11E/Mercury_XU5_PE1.gen/sources_1/bd/Mercury_XU5/ip/Mercury_XU5_ddr4_0/Mercury_XU5_ddr4_0/Mercury_XU5_ddr4_0_in_context.xdc, line 16).
Applied set_property CLOCK_BUFFER_TYPE = NONE for DDR4PL_A[14]. (constraint file  /home/wto/Eos/ME-XU5-2EG-1I-D11E/Mercury_XU5_PE1.gen/sources_1/bd/Mercury_XU5/ip/Mercury_XU5_ddr4_0/Mercury_XU5_ddr4_0/Mercury_XU5_ddr4_0_in_context.xdc, line 17).
Applied set_property IO_BUFFER_TYPE = NONE for DDR4PL_A[15]. (constraint file  /home/wto/Eos/ME-XU5-2EG-1I-D11E/Mercury_XU5_PE1.gen/sources_1/bd/Mercury_XU5/ip/Mercury_XU5_ddr4_0/Mercury_XU5_ddr4_0/Mercury_XU5_ddr4_0_in_context.xdc, line 18).
Applied set_property CLOCK_BUFFER_TYPE = NONE for DDR4PL_A[15]. (constraint file  /home/wto/Eos/ME-XU5-2EG-1I-D11E/Mercury_XU5_PE1.gen/sources_1/bd/Mercury_XU5/ip/Mercury_XU5_ddr4_0/Mercury_XU5_ddr4_0/Mercury_XU5_ddr4_0_in_context.xdc, line 19).
Applied set_property IO_BUFFER_TYPE = NONE for DDR4PL_A[16]. (constraint file  /home/wto/Eos/ME-XU5-2EG-1I-D11E/Mercury_XU5_PE1.gen/sources_1/bd/Mercury_XU5/ip/Mercury_XU5_ddr4_0/Mercury_XU5_ddr4_0/Mercury_XU5_ddr4_0_in_context.xdc, line 20).
Applied set_property CLOCK_BUFFER_TYPE = NONE for DDR4PL_A[16]. (constraint file  /home/wto/Eos/ME-XU5-2EG-1I-D11E/Mercury_XU5_PE1.gen/sources_1/bd/Mercury_XU5/ip/Mercury_XU5_ddr4_0/Mercury_XU5_ddr4_0/Mercury_XU5_ddr4_0_in_context.xdc, line 21).
Applied set_property IO_BUFFER_TYPE = NONE for DDR4PL_A[1]. (constraint file  /home/wto/Eos/ME-XU5-2EG-1I-D11E/Mercury_XU5_PE1.gen/sources_1/bd/Mercury_XU5/ip/Mercury_XU5_ddr4_0/Mercury_XU5_ddr4_0/Mercury_XU5_ddr4_0_in_context.xdc, line 22).
Applied set_property CLOCK_BUFFER_TYPE = NONE for DDR4PL_A[1]. (constraint file  /home/wto/Eos/ME-XU5-2EG-1I-D11E/Mercury_XU5_PE1.gen/sources_1/bd/Mercury_XU5/ip/Mercury_XU5_ddr4_0/Mercury_XU5_ddr4_0/Mercury_XU5_ddr4_0_in_context.xdc, line 23).
Applied set_property IO_BUFFER_TYPE = NONE for DDR4PL_A[2]. (constraint file  /home/wto/Eos/ME-XU5-2EG-1I-D11E/Mercury_XU5_PE1.gen/sources_1/bd/Mercury_XU5/ip/Mercury_XU5_ddr4_0/Mercury_XU5_ddr4_0/Mercury_XU5_ddr4_0_in_context.xdc, line 24).
Applied set_property CLOCK_BUFFER_TYPE = NONE for DDR4PL_A[2]. (constraint file  /home/wto/Eos/ME-XU5-2EG-1I-D11E/Mercury_XU5_PE1.gen/sources_1/bd/Mercury_XU5/ip/Mercury_XU5_ddr4_0/Mercury_XU5_ddr4_0/Mercury_XU5_ddr4_0_in_context.xdc, line 25).
Applied set_property IO_BUFFER_TYPE = NONE for DDR4PL_A[3]. (constraint file  /home/wto/Eos/ME-XU5-2EG-1I-D11E/Mercury_XU5_PE1.gen/sources_1/bd/Mercury_XU5/ip/Mercury_XU5_ddr4_0/Mercury_XU5_ddr4_0/Mercury_XU5_ddr4_0_in_context.xdc, line 26).
Applied set_property CLOCK_BUFFER_TYPE = NONE for DDR4PL_A[3]. (constraint file  /home/wto/Eos/ME-XU5-2EG-1I-D11E/Mercury_XU5_PE1.gen/sources_1/bd/Mercury_XU5/ip/Mercury_XU5_ddr4_0/Mercury_XU5_ddr4_0/Mercury_XU5_ddr4_0_in_context.xdc, line 27).
Applied set_property IO_BUFFER_TYPE = NONE for DDR4PL_A[4]. (constraint file  /home/wto/Eos/ME-XU5-2EG-1I-D11E/Mercury_XU5_PE1.gen/sources_1/bd/Mercury_XU5/ip/Mercury_XU5_ddr4_0/Mercury_XU5_ddr4_0/Mercury_XU5_ddr4_0_in_context.xdc, line 28).
Applied set_property CLOCK_BUFFER_TYPE = NONE for DDR4PL_A[4]. (constraint file  /home/wto/Eos/ME-XU5-2EG-1I-D11E/Mercury_XU5_PE1.gen/sources_1/bd/Mercury_XU5/ip/Mercury_XU5_ddr4_0/Mercury_XU5_ddr4_0/Mercury_XU5_ddr4_0_in_context.xdc, line 29).
Applied set_property IO_BUFFER_TYPE = NONE for DDR4PL_A[5]. (constraint file  /home/wto/Eos/ME-XU5-2EG-1I-D11E/Mercury_XU5_PE1.gen/sources_1/bd/Mercury_XU5/ip/Mercury_XU5_ddr4_0/Mercury_XU5_ddr4_0/Mercury_XU5_ddr4_0_in_context.xdc, line 30).
Applied set_property CLOCK_BUFFER_TYPE = NONE for DDR4PL_A[5]. (constraint file  /home/wto/Eos/ME-XU5-2EG-1I-D11E/Mercury_XU5_PE1.gen/sources_1/bd/Mercury_XU5/ip/Mercury_XU5_ddr4_0/Mercury_XU5_ddr4_0/Mercury_XU5_ddr4_0_in_context.xdc, line 31).
Applied set_property IO_BUFFER_TYPE = NONE for DDR4PL_A[6]. (constraint file  /home/wto/Eos/ME-XU5-2EG-1I-D11E/Mercury_XU5_PE1.gen/sources_1/bd/Mercury_XU5/ip/Mercury_XU5_ddr4_0/Mercury_XU5_ddr4_0/Mercury_XU5_ddr4_0_in_context.xdc, line 32).
Applied set_property CLOCK_BUFFER_TYPE = NONE for DDR4PL_A[6]. (constraint file  /home/wto/Eos/ME-XU5-2EG-1I-D11E/Mercury_XU5_PE1.gen/sources_1/bd/Mercury_XU5/ip/Mercury_XU5_ddr4_0/Mercury_XU5_ddr4_0/Mercury_XU5_ddr4_0_in_context.xdc, line 33).
Applied set_property IO_BUFFER_TYPE = NONE for DDR4PL_A[7]. (constraint file  /home/wto/Eos/ME-XU5-2EG-1I-D11E/Mercury_XU5_PE1.gen/sources_1/bd/Mercury_XU5/ip/Mercury_XU5_ddr4_0/Mercury_XU5_ddr4_0/Mercury_XU5_ddr4_0_in_context.xdc, line 34).
Applied set_property CLOCK_BUFFER_TYPE = NONE for DDR4PL_A[7]. (constraint file  /home/wto/Eos/ME-XU5-2EG-1I-D11E/Mercury_XU5_PE1.gen/sources_1/bd/Mercury_XU5/ip/Mercury_XU5_ddr4_0/Mercury_XU5_ddr4_0/Mercury_XU5_ddr4_0_in_context.xdc, line 35).
Applied set_property IO_BUFFER_TYPE = NONE for DDR4PL_A[8]. (constraint file  /home/wto/Eos/ME-XU5-2EG-1I-D11E/Mercury_XU5_PE1.gen/sources_1/bd/Mercury_XU5/ip/Mercury_XU5_ddr4_0/Mercury_XU5_ddr4_0/Mercury_XU5_ddr4_0_in_context.xdc, line 36).
Applied set_property CLOCK_BUFFER_TYPE = NONE for DDR4PL_A[8]. (constraint file  /home/wto/Eos/ME-XU5-2EG-1I-D11E/Mercury_XU5_PE1.gen/sources_1/bd/Mercury_XU5/ip/Mercury_XU5_ddr4_0/Mercury_XU5_ddr4_0/Mercury_XU5_ddr4_0_in_context.xdc, line 37).
Applied set_property IO_BUFFER_TYPE = NONE for DDR4PL_A[9]. (constraint file  /home/wto/Eos/ME-XU5-2EG-1I-D11E/Mercury_XU5_PE1.gen/sources_1/bd/Mercury_XU5/ip/Mercury_XU5_ddr4_0/Mercury_XU5_ddr4_0/Mercury_XU5_ddr4_0_in_context.xdc, line 38).
Applied set_property CLOCK_BUFFER_TYPE = NONE for DDR4PL_A[9]. (constraint file  /home/wto/Eos/ME-XU5-2EG-1I-D11E/Mercury_XU5_PE1.gen/sources_1/bd/Mercury_XU5/ip/Mercury_XU5_ddr4_0/Mercury_XU5_ddr4_0/Mercury_XU5_ddr4_0_in_context.xdc, line 39).
Applied set_property IO_BUFFER_TYPE = NONE for DDR4PL_BA[0]. (constraint file  /home/wto/Eos/ME-XU5-2EG-1I-D11E/Mercury_XU5_PE1.gen/sources_1/bd/Mercury_XU5/ip/Mercury_XU5_ddr4_0/Mercury_XU5_ddr4_0/Mercury_XU5_ddr4_0_in_context.xdc, line 40).
Applied set_property CLOCK_BUFFER_TYPE = NONE for DDR4PL_BA[0]. (constraint file  /home/wto/Eos/ME-XU5-2EG-1I-D11E/Mercury_XU5_PE1.gen/sources_1/bd/Mercury_XU5/ip/Mercury_XU5_ddr4_0/Mercury_XU5_ddr4_0/Mercury_XU5_ddr4_0_in_context.xdc, line 41).
Applied set_property IO_BUFFER_TYPE = NONE for DDR4PL_BA[1]. (constraint file  /home/wto/Eos/ME-XU5-2EG-1I-D11E/Mercury_XU5_PE1.gen/sources_1/bd/Mercury_XU5/ip/Mercury_XU5_ddr4_0/Mercury_XU5_ddr4_0/Mercury_XU5_ddr4_0_in_context.xdc, line 42).
Applied set_property CLOCK_BUFFER_TYPE = NONE for DDR4PL_BA[1]. (constraint file  /home/wto/Eos/ME-XU5-2EG-1I-D11E/Mercury_XU5_PE1.gen/sources_1/bd/Mercury_XU5/ip/Mercury_XU5_ddr4_0/Mercury_XU5_ddr4_0/Mercury_XU5_ddr4_0_in_context.xdc, line 43).
Applied set_property IO_BUFFER_TYPE = NONE for DDR4PL_BG[0]. (constraint file  /home/wto/Eos/ME-XU5-2EG-1I-D11E/Mercury_XU5_PE1.gen/sources_1/bd/Mercury_XU5/ip/Mercury_XU5_ddr4_0/Mercury_XU5_ddr4_0/Mercury_XU5_ddr4_0_in_context.xdc, line 44).
Applied set_property CLOCK_BUFFER_TYPE = NONE for DDR4PL_BG[0]. (constraint file  /home/wto/Eos/ME-XU5-2EG-1I-D11E/Mercury_XU5_PE1.gen/sources_1/bd/Mercury_XU5/ip/Mercury_XU5_ddr4_0/Mercury_XU5_ddr4_0/Mercury_XU5_ddr4_0_in_context.xdc, line 45).
Applied set_property IO_BUFFER_TYPE = NONE for DDR4PL_CK_N[0]. (constraint file  /home/wto/Eos/ME-XU5-2EG-1I-D11E/Mercury_XU5_PE1.gen/sources_1/bd/Mercury_XU5/ip/Mercury_XU5_ddr4_0/Mercury_XU5_ddr4_0/Mercury_XU5_ddr4_0_in_context.xdc, line 46).
Applied set_property CLOCK_BUFFER_TYPE = NONE for DDR4PL_CK_N[0]. (constraint file  /home/wto/Eos/ME-XU5-2EG-1I-D11E/Mercury_XU5_PE1.gen/sources_1/bd/Mercury_XU5/ip/Mercury_XU5_ddr4_0/Mercury_XU5_ddr4_0/Mercury_XU5_ddr4_0_in_context.xdc, line 47).
Applied set_property IO_BUFFER_TYPE = NONE for DDR4PL_CK_P[0]. (constraint file  /home/wto/Eos/ME-XU5-2EG-1I-D11E/Mercury_XU5_PE1.gen/sources_1/bd/Mercury_XU5/ip/Mercury_XU5_ddr4_0/Mercury_XU5_ddr4_0/Mercury_XU5_ddr4_0_in_context.xdc, line 48).
Applied set_property CLOCK_BUFFER_TYPE = NONE for DDR4PL_CK_P[0]. (constraint file  /home/wto/Eos/ME-XU5-2EG-1I-D11E/Mercury_XU5_PE1.gen/sources_1/bd/Mercury_XU5/ip/Mercury_XU5_ddr4_0/Mercury_XU5_ddr4_0/Mercury_XU5_ddr4_0_in_context.xdc, line 49).
Applied set_property IO_BUFFER_TYPE = NONE for DDR4PL_CKE[0]. (constraint file  /home/wto/Eos/ME-XU5-2EG-1I-D11E/Mercury_XU5_PE1.gen/sources_1/bd/Mercury_XU5/ip/Mercury_XU5_ddr4_0/Mercury_XU5_ddr4_0/Mercury_XU5_ddr4_0_in_context.xdc, line 50).
Applied set_property CLOCK_BUFFER_TYPE = NONE for DDR4PL_CKE[0]. (constraint file  /home/wto/Eos/ME-XU5-2EG-1I-D11E/Mercury_XU5_PE1.gen/sources_1/bd/Mercury_XU5/ip/Mercury_XU5_ddr4_0/Mercury_XU5_ddr4_0/Mercury_XU5_ddr4_0_in_context.xdc, line 51).
Applied set_property IO_BUFFER_TYPE = NONE for DDR4PL_CS_N[0]. (constraint file  /home/wto/Eos/ME-XU5-2EG-1I-D11E/Mercury_XU5_PE1.gen/sources_1/bd/Mercury_XU5/ip/Mercury_XU5_ddr4_0/Mercury_XU5_ddr4_0/Mercury_XU5_ddr4_0_in_context.xdc, line 52).
Applied set_property CLOCK_BUFFER_TYPE = NONE for DDR4PL_CS_N[0]. (constraint file  /home/wto/Eos/ME-XU5-2EG-1I-D11E/Mercury_XU5_PE1.gen/sources_1/bd/Mercury_XU5/ip/Mercury_XU5_ddr4_0/Mercury_XU5_ddr4_0/Mercury_XU5_ddr4_0_in_context.xdc, line 53).
Applied set_property IO_BUFFER_TYPE = NONE for DDR4PL_DM[0]. (constraint file  /home/wto/Eos/ME-XU5-2EG-1I-D11E/Mercury_XU5_PE1.gen/sources_1/bd/Mercury_XU5/ip/Mercury_XU5_ddr4_0/Mercury_XU5_ddr4_0/Mercury_XU5_ddr4_0_in_context.xdc, line 54).
Applied set_property CLOCK_BUFFER_TYPE = NONE for DDR4PL_DM[0]. (constraint file  /home/wto/Eos/ME-XU5-2EG-1I-D11E/Mercury_XU5_PE1.gen/sources_1/bd/Mercury_XU5/ip/Mercury_XU5_ddr4_0/Mercury_XU5_ddr4_0/Mercury_XU5_ddr4_0_in_context.xdc, line 55).
Applied set_property IO_BUFFER_TYPE = NONE for DDR4PL_DM[1]. (constraint file  /home/wto/Eos/ME-XU5-2EG-1I-D11E/Mercury_XU5_PE1.gen/sources_1/bd/Mercury_XU5/ip/Mercury_XU5_ddr4_0/Mercury_XU5_ddr4_0/Mercury_XU5_ddr4_0_in_context.xdc, line 56).
Applied set_property CLOCK_BUFFER_TYPE = NONE for DDR4PL_DM[1]. (constraint file  /home/wto/Eos/ME-XU5-2EG-1I-D11E/Mercury_XU5_PE1.gen/sources_1/bd/Mercury_XU5/ip/Mercury_XU5_ddr4_0/Mercury_XU5_ddr4_0/Mercury_XU5_ddr4_0_in_context.xdc, line 57).
Applied set_property IO_BUFFER_TYPE = NONE for DDR4PL_DQ[0]. (constraint file  /home/wto/Eos/ME-XU5-2EG-1I-D11E/Mercury_XU5_PE1.gen/sources_1/bd/Mercury_XU5/ip/Mercury_XU5_ddr4_0/Mercury_XU5_ddr4_0/Mercury_XU5_ddr4_0_in_context.xdc, line 58).
Applied set_property CLOCK_BUFFER_TYPE = NONE for DDR4PL_DQ[0]. (constraint file  /home/wto/Eos/ME-XU5-2EG-1I-D11E/Mercury_XU5_PE1.gen/sources_1/bd/Mercury_XU5/ip/Mercury_XU5_ddr4_0/Mercury_XU5_ddr4_0/Mercury_XU5_ddr4_0_in_context.xdc, line 59).
Applied set_property IO_BUFFER_TYPE = NONE for DDR4PL_DQ[10]. (constraint file  /home/wto/Eos/ME-XU5-2EG-1I-D11E/Mercury_XU5_PE1.gen/sources_1/bd/Mercury_XU5/ip/Mercury_XU5_ddr4_0/Mercury_XU5_ddr4_0/Mercury_XU5_ddr4_0_in_context.xdc, line 60).
Applied set_property CLOCK_BUFFER_TYPE = NONE for DDR4PL_DQ[10]. (constraint file  /home/wto/Eos/ME-XU5-2EG-1I-D11E/Mercury_XU5_PE1.gen/sources_1/bd/Mercury_XU5/ip/Mercury_XU5_ddr4_0/Mercury_XU5_ddr4_0/Mercury_XU5_ddr4_0_in_context.xdc, line 61).
Applied set_property IO_BUFFER_TYPE = NONE for DDR4PL_DQ[11]. (constraint file  /home/wto/Eos/ME-XU5-2EG-1I-D11E/Mercury_XU5_PE1.gen/sources_1/bd/Mercury_XU5/ip/Mercury_XU5_ddr4_0/Mercury_XU5_ddr4_0/Mercury_XU5_ddr4_0_in_context.xdc, line 62).
Applied set_property CLOCK_BUFFER_TYPE = NONE for DDR4PL_DQ[11]. (constraint file  /home/wto/Eos/ME-XU5-2EG-1I-D11E/Mercury_XU5_PE1.gen/sources_1/bd/Mercury_XU5/ip/Mercury_XU5_ddr4_0/Mercury_XU5_ddr4_0/Mercury_XU5_ddr4_0_in_context.xdc, line 63).
Applied set_property IO_BUFFER_TYPE = NONE for DDR4PL_DQ[12]. (constraint file  /home/wto/Eos/ME-XU5-2EG-1I-D11E/Mercury_XU5_PE1.gen/sources_1/bd/Mercury_XU5/ip/Mercury_XU5_ddr4_0/Mercury_XU5_ddr4_0/Mercury_XU5_ddr4_0_in_context.xdc, line 64).
Applied set_property CLOCK_BUFFER_TYPE = NONE for DDR4PL_DQ[12]. (constraint file  /home/wto/Eos/ME-XU5-2EG-1I-D11E/Mercury_XU5_PE1.gen/sources_1/bd/Mercury_XU5/ip/Mercury_XU5_ddr4_0/Mercury_XU5_ddr4_0/Mercury_XU5_ddr4_0_in_context.xdc, line 65).
Applied set_property IO_BUFFER_TYPE = NONE for DDR4PL_DQ[13]. (constraint file  /home/wto/Eos/ME-XU5-2EG-1I-D11E/Mercury_XU5_PE1.gen/sources_1/bd/Mercury_XU5/ip/Mercury_XU5_ddr4_0/Mercury_XU5_ddr4_0/Mercury_XU5_ddr4_0_in_context.xdc, line 66).
Applied set_property CLOCK_BUFFER_TYPE = NONE for DDR4PL_DQ[13]. (constraint file  /home/wto/Eos/ME-XU5-2EG-1I-D11E/Mercury_XU5_PE1.gen/sources_1/bd/Mercury_XU5/ip/Mercury_XU5_ddr4_0/Mercury_XU5_ddr4_0/Mercury_XU5_ddr4_0_in_context.xdc, line 67).
Applied set_property IO_BUFFER_TYPE = NONE for DDR4PL_DQ[14]. (constraint file  /home/wto/Eos/ME-XU5-2EG-1I-D11E/Mercury_XU5_PE1.gen/sources_1/bd/Mercury_XU5/ip/Mercury_XU5_ddr4_0/Mercury_XU5_ddr4_0/Mercury_XU5_ddr4_0_in_context.xdc, line 68).
Applied set_property CLOCK_BUFFER_TYPE = NONE for DDR4PL_DQ[14]. (constraint file  /home/wto/Eos/ME-XU5-2EG-1I-D11E/Mercury_XU5_PE1.gen/sources_1/bd/Mercury_XU5/ip/Mercury_XU5_ddr4_0/Mercury_XU5_ddr4_0/Mercury_XU5_ddr4_0_in_context.xdc, line 69).
Applied set_property IO_BUFFER_TYPE = NONE for DDR4PL_DQ[15]. (constraint file  /home/wto/Eos/ME-XU5-2EG-1I-D11E/Mercury_XU5_PE1.gen/sources_1/bd/Mercury_XU5/ip/Mercury_XU5_ddr4_0/Mercury_XU5_ddr4_0/Mercury_XU5_ddr4_0_in_context.xdc, line 70).
Applied set_property CLOCK_BUFFER_TYPE = NONE for DDR4PL_DQ[15]. (constraint file  /home/wto/Eos/ME-XU5-2EG-1I-D11E/Mercury_XU5_PE1.gen/sources_1/bd/Mercury_XU5/ip/Mercury_XU5_ddr4_0/Mercury_XU5_ddr4_0/Mercury_XU5_ddr4_0_in_context.xdc, line 71).
Applied set_property IO_BUFFER_TYPE = NONE for DDR4PL_DQ[1]. (constraint file  /home/wto/Eos/ME-XU5-2EG-1I-D11E/Mercury_XU5_PE1.gen/sources_1/bd/Mercury_XU5/ip/Mercury_XU5_ddr4_0/Mercury_XU5_ddr4_0/Mercury_XU5_ddr4_0_in_context.xdc, line 72).
Applied set_property CLOCK_BUFFER_TYPE = NONE for DDR4PL_DQ[1]. (constraint file  /home/wto/Eos/ME-XU5-2EG-1I-D11E/Mercury_XU5_PE1.gen/sources_1/bd/Mercury_XU5/ip/Mercury_XU5_ddr4_0/Mercury_XU5_ddr4_0/Mercury_XU5_ddr4_0_in_context.xdc, line 73).
Applied set_property IO_BUFFER_TYPE = NONE for DDR4PL_DQ[2]. (constraint file  /home/wto/Eos/ME-XU5-2EG-1I-D11E/Mercury_XU5_PE1.gen/sources_1/bd/Mercury_XU5/ip/Mercury_XU5_ddr4_0/Mercury_XU5_ddr4_0/Mercury_XU5_ddr4_0_in_context.xdc, line 74).
Applied set_property CLOCK_BUFFER_TYPE = NONE for DDR4PL_DQ[2]. (constraint file  /home/wto/Eos/ME-XU5-2EG-1I-D11E/Mercury_XU5_PE1.gen/sources_1/bd/Mercury_XU5/ip/Mercury_XU5_ddr4_0/Mercury_XU5_ddr4_0/Mercury_XU5_ddr4_0_in_context.xdc, line 75).
Applied set_property IO_BUFFER_TYPE = NONE for DDR4PL_DQ[3]. (constraint file  /home/wto/Eos/ME-XU5-2EG-1I-D11E/Mercury_XU5_PE1.gen/sources_1/bd/Mercury_XU5/ip/Mercury_XU5_ddr4_0/Mercury_XU5_ddr4_0/Mercury_XU5_ddr4_0_in_context.xdc, line 76).
Applied set_property CLOCK_BUFFER_TYPE = NONE for DDR4PL_DQ[3]. (constraint file  /home/wto/Eos/ME-XU5-2EG-1I-D11E/Mercury_XU5_PE1.gen/sources_1/bd/Mercury_XU5/ip/Mercury_XU5_ddr4_0/Mercury_XU5_ddr4_0/Mercury_XU5_ddr4_0_in_context.xdc, line 77).
Applied set_property IO_BUFFER_TYPE = NONE for DDR4PL_DQ[4]. (constraint file  /home/wto/Eos/ME-XU5-2EG-1I-D11E/Mercury_XU5_PE1.gen/sources_1/bd/Mercury_XU5/ip/Mercury_XU5_ddr4_0/Mercury_XU5_ddr4_0/Mercury_XU5_ddr4_0_in_context.xdc, line 78).
Applied set_property CLOCK_BUFFER_TYPE = NONE for DDR4PL_DQ[4]. (constraint file  /home/wto/Eos/ME-XU5-2EG-1I-D11E/Mercury_XU5_PE1.gen/sources_1/bd/Mercury_XU5/ip/Mercury_XU5_ddr4_0/Mercury_XU5_ddr4_0/Mercury_XU5_ddr4_0_in_context.xdc, line 79).
Applied set_property IO_BUFFER_TYPE = NONE for DDR4PL_DQ[5]. (constraint file  /home/wto/Eos/ME-XU5-2EG-1I-D11E/Mercury_XU5_PE1.gen/sources_1/bd/Mercury_XU5/ip/Mercury_XU5_ddr4_0/Mercury_XU5_ddr4_0/Mercury_XU5_ddr4_0_in_context.xdc, line 80).
Applied set_property CLOCK_BUFFER_TYPE = NONE for DDR4PL_DQ[5]. (constraint file  /home/wto/Eos/ME-XU5-2EG-1I-D11E/Mercury_XU5_PE1.gen/sources_1/bd/Mercury_XU5/ip/Mercury_XU5_ddr4_0/Mercury_XU5_ddr4_0/Mercury_XU5_ddr4_0_in_context.xdc, line 81).
Applied set_property IO_BUFFER_TYPE = NONE for DDR4PL_DQ[6]. (constraint file  /home/wto/Eos/ME-XU5-2EG-1I-D11E/Mercury_XU5_PE1.gen/sources_1/bd/Mercury_XU5/ip/Mercury_XU5_ddr4_0/Mercury_XU5_ddr4_0/Mercury_XU5_ddr4_0_in_context.xdc, line 82).
Applied set_property CLOCK_BUFFER_TYPE = NONE for DDR4PL_DQ[6]. (constraint file  /home/wto/Eos/ME-XU5-2EG-1I-D11E/Mercury_XU5_PE1.gen/sources_1/bd/Mercury_XU5/ip/Mercury_XU5_ddr4_0/Mercury_XU5_ddr4_0/Mercury_XU5_ddr4_0_in_context.xdc, line 83).
Applied set_property IO_BUFFER_TYPE = NONE for DDR4PL_DQ[7]. (constraint file  /home/wto/Eos/ME-XU5-2EG-1I-D11E/Mercury_XU5_PE1.gen/sources_1/bd/Mercury_XU5/ip/Mercury_XU5_ddr4_0/Mercury_XU5_ddr4_0/Mercury_XU5_ddr4_0_in_context.xdc, line 84).
Applied set_property CLOCK_BUFFER_TYPE = NONE for DDR4PL_DQ[7]. (constraint file  /home/wto/Eos/ME-XU5-2EG-1I-D11E/Mercury_XU5_PE1.gen/sources_1/bd/Mercury_XU5/ip/Mercury_XU5_ddr4_0/Mercury_XU5_ddr4_0/Mercury_XU5_ddr4_0_in_context.xdc, line 85).
Applied set_property IO_BUFFER_TYPE = NONE for DDR4PL_DQ[8]. (constraint file  /home/wto/Eos/ME-XU5-2EG-1I-D11E/Mercury_XU5_PE1.gen/sources_1/bd/Mercury_XU5/ip/Mercury_XU5_ddr4_0/Mercury_XU5_ddr4_0/Mercury_XU5_ddr4_0_in_context.xdc, line 86).
Applied set_property CLOCK_BUFFER_TYPE = NONE for DDR4PL_DQ[8]. (constraint file  /home/wto/Eos/ME-XU5-2EG-1I-D11E/Mercury_XU5_PE1.gen/sources_1/bd/Mercury_XU5/ip/Mercury_XU5_ddr4_0/Mercury_XU5_ddr4_0/Mercury_XU5_ddr4_0_in_context.xdc, line 87).
Applied set_property IO_BUFFER_TYPE = NONE for DDR4PL_DQ[9]. (constraint file  /home/wto/Eos/ME-XU5-2EG-1I-D11E/Mercury_XU5_PE1.gen/sources_1/bd/Mercury_XU5/ip/Mercury_XU5_ddr4_0/Mercury_XU5_ddr4_0/Mercury_XU5_ddr4_0_in_context.xdc, line 88).
Applied set_property CLOCK_BUFFER_TYPE = NONE for DDR4PL_DQ[9]. (constraint file  /home/wto/Eos/ME-XU5-2EG-1I-D11E/Mercury_XU5_PE1.gen/sources_1/bd/Mercury_XU5/ip/Mercury_XU5_ddr4_0/Mercury_XU5_ddr4_0/Mercury_XU5_ddr4_0_in_context.xdc, line 89).
Applied set_property IO_BUFFER_TYPE = NONE for DDR4PL_DQS_N[0]. (constraint file  /home/wto/Eos/ME-XU5-2EG-1I-D11E/Mercury_XU5_PE1.gen/sources_1/bd/Mercury_XU5/ip/Mercury_XU5_ddr4_0/Mercury_XU5_ddr4_0/Mercury_XU5_ddr4_0_in_context.xdc, line 90).
Applied set_property CLOCK_BUFFER_TYPE = NONE for DDR4PL_DQS_N[0]. (constraint file  /home/wto/Eos/ME-XU5-2EG-1I-D11E/Mercury_XU5_PE1.gen/sources_1/bd/Mercury_XU5/ip/Mercury_XU5_ddr4_0/Mercury_XU5_ddr4_0/Mercury_XU5_ddr4_0_in_context.xdc, line 91).
Applied set_property IO_BUFFER_TYPE = NONE for DDR4PL_DQS_N[1]. (constraint file  /home/wto/Eos/ME-XU5-2EG-1I-D11E/Mercury_XU5_PE1.gen/sources_1/bd/Mercury_XU5/ip/Mercury_XU5_ddr4_0/Mercury_XU5_ddr4_0/Mercury_XU5_ddr4_0_in_context.xdc, line 92).
Applied set_property CLOCK_BUFFER_TYPE = NONE for DDR4PL_DQS_N[1]. (constraint file  /home/wto/Eos/ME-XU5-2EG-1I-D11E/Mercury_XU5_PE1.gen/sources_1/bd/Mercury_XU5/ip/Mercury_XU5_ddr4_0/Mercury_XU5_ddr4_0/Mercury_XU5_ddr4_0_in_context.xdc, line 93).
Applied set_property IO_BUFFER_TYPE = NONE for DDR4PL_DQS_P[0]. (constraint file  /home/wto/Eos/ME-XU5-2EG-1I-D11E/Mercury_XU5_PE1.gen/sources_1/bd/Mercury_XU5/ip/Mercury_XU5_ddr4_0/Mercury_XU5_ddr4_0/Mercury_XU5_ddr4_0_in_context.xdc, line 94).
Applied set_property CLOCK_BUFFER_TYPE = NONE for DDR4PL_DQS_P[0]. (constraint file  /home/wto/Eos/ME-XU5-2EG-1I-D11E/Mercury_XU5_PE1.gen/sources_1/bd/Mercury_XU5/ip/Mercury_XU5_ddr4_0/Mercury_XU5_ddr4_0/Mercury_XU5_ddr4_0_in_context.xdc, line 95).
Applied set_property IO_BUFFER_TYPE = NONE for DDR4PL_DQS_P[1]. (constraint file  /home/wto/Eos/ME-XU5-2EG-1I-D11E/Mercury_XU5_PE1.gen/sources_1/bd/Mercury_XU5/ip/Mercury_XU5_ddr4_0/Mercury_XU5_ddr4_0/Mercury_XU5_ddr4_0_in_context.xdc, line 96).
Applied set_property CLOCK_BUFFER_TYPE = NONE for DDR4PL_DQS_P[1]. (constraint file  /home/wto/Eos/ME-XU5-2EG-1I-D11E/Mercury_XU5_PE1.gen/sources_1/bd/Mercury_XU5/ip/Mercury_XU5_ddr4_0/Mercury_XU5_ddr4_0/Mercury_XU5_ddr4_0_in_context.xdc, line 97).
Applied set_property IO_BUFFER_TYPE = NONE for DDR4PL_ODT[0]. (constraint file  /home/wto/Eos/ME-XU5-2EG-1I-D11E/Mercury_XU5_PE1.gen/sources_1/bd/Mercury_XU5/ip/Mercury_XU5_ddr4_0/Mercury_XU5_ddr4_0/Mercury_XU5_ddr4_0_in_context.xdc, line 98).
Applied set_property CLOCK_BUFFER_TYPE = NONE for DDR4PL_ODT[0]. (constraint file  /home/wto/Eos/ME-XU5-2EG-1I-D11E/Mercury_XU5_PE1.gen/sources_1/bd/Mercury_XU5/ip/Mercury_XU5_ddr4_0/Mercury_XU5_ddr4_0/Mercury_XU5_ddr4_0_in_context.xdc, line 99).
Applied set_property IO_BUFFER_TYPE = NONE for DDR4PL_RST_N. (constraint file  /home/wto/Eos/ME-XU5-2EG-1I-D11E/Mercury_XU5_PE1.gen/sources_1/bd/Mercury_XU5/ip/Mercury_XU5_ddr4_0/Mercury_XU5_ddr4_0/Mercury_XU5_ddr4_0_in_context.xdc, line 100).
Applied set_property CLOCK_BUFFER_TYPE = NONE for DDR4PL_RST_N. (constraint file  /home/wto/Eos/ME-XU5-2EG-1I-D11E/Mercury_XU5_PE1.gen/sources_1/bd/Mercury_XU5/ip/Mercury_XU5_ddr4_0/Mercury_XU5_ddr4_0/Mercury_XU5_ddr4_0_in_context.xdc, line 101).
Applied set_property IO_BUFFER_TYPE = NONE for CLK100_PL_N. (constraint file  /home/wto/Eos/ME-XU5-2EG-1I-D11E/Mercury_XU5_PE1.gen/sources_1/bd/Mercury_XU5/ip/Mercury_XU5_ddr4_0/Mercury_XU5_ddr4_0/Mercury_XU5_ddr4_0_in_context.xdc, line 102).
Applied set_property CLOCK_BUFFER_TYPE = NONE for CLK100_PL_N. (constraint file  /home/wto/Eos/ME-XU5-2EG-1I-D11E/Mercury_XU5_PE1.gen/sources_1/bd/Mercury_XU5/ip/Mercury_XU5_ddr4_0/Mercury_XU5_ddr4_0/Mercury_XU5_ddr4_0_in_context.xdc, line 103).
Applied set_property IO_BUFFER_TYPE = NONE for CLK100_PL_P. (constraint file  /home/wto/Eos/ME-XU5-2EG-1I-D11E/Mercury_XU5_PE1.gen/sources_1/bd/Mercury_XU5/ip/Mercury_XU5_ddr4_0/Mercury_XU5_ddr4_0/Mercury_XU5_ddr4_0_in_context.xdc, line 104).
Applied set_property CLOCK_BUFFER_TYPE = NONE for CLK100_PL_P. (constraint file  /home/wto/Eos/ME-XU5-2EG-1I-D11E/Mercury_XU5_PE1.gen/sources_1/bd/Mercury_XU5/ip/Mercury_XU5_ddr4_0/Mercury_XU5_ddr4_0/Mercury_XU5_ddr4_0_in_context.xdc, line 105).
Applied set_property KEEP_HIERARCHY = SOFT for Mercury_XU5_i. (constraint file  auto generated constraint).
Applied set_property KEEP_HIERARCHY = SOFT for Mercury_XU5_i/zynq_ultra_ps_e. (constraint file  auto generated constraint).
Applied set_property KEEP_HIERARCHY = SOFT for Mercury_XU5_i/system_management_wiz. (constraint file  auto generated constraint).
Applied set_property KEEP_HIERARCHY = SOFT for Mercury_XU5_i/led. (constraint file  auto generated constraint).
Applied set_property KEEP_HIERARCHY = SOFT for Mercury_XU5_i/ddr4. (constraint file  auto generated constraint).
Applied set_property KEEP_HIERARCHY = SOFT for Mercury_XU5_i/axi_interconnect_0/xbar. (constraint file  auto generated constraint).
Applied set_property KEEP_HIERARCHY = SOFT for Mercury_XU5_i/axi_interconnect_0/m00_couplers/auto_cc. (constraint file  auto generated constraint).
Applied set_property KEEP_HIERARCHY = SOFT for Mercury_XU5_i/axi_interconnect_0/m01_couplers/auto_ds. (constraint file  auto generated constraint).
Applied set_property KEEP_HIERARCHY = SOFT for Mercury_XU5_i/axi_interconnect_0/m01_couplers/auto_pc. (constraint file  auto generated constraint).
Applied set_property KEEP_HIERARCHY = SOFT for Mercury_XU5_i/axi_interconnect_0/m01_couplers/auto_rs. (constraint file  auto generated constraint).
Applied set_property KEEP_HIERARCHY = SOFT for Mercury_XU5_i/axi_interconnect_0/m01_couplers/auto_rs_w. (constraint file  auto generated constraint).
Applied set_property KEEP_HIERARCHY = SOFT for Mercury_XU5_i/axi_interconnect_0. (constraint file  auto generated constraint).
Applied set_property KEEP_HIERARCHY = SOFT for Mercury_XU5_i/clk_wiz_0. (constraint file  auto generated constraint).
Applied set_property KEEP_HIERARCHY = SOFT for Mercury_XU5_i/ps_sys_rst. (constraint file  auto generated constraint).
Applied set_property KEEP_HIERARCHY = SOFT for Mercury_XU5_i/ddr4_sys_rst. (constraint file  auto generated constraint).
Applied set_property KEEP_HIERARCHY = SOFT for Mercury_XU5_i/smartconnect_00. (constraint file  auto generated constraint).
Applied set_property KEEP_HIERARCHY = SOFT for Mercury_XU5_i/reg_bank_0. (constraint file  auto generated constraint).
---------------------------------------------------------------------------------
Finished applying 'set_property' XDC Constraints : Time (s): cpu = 00:00:12 ; elapsed = 00:00:13 . Memory (MB): peak = 2679.352 ; gain = 482.363 ; free physical = 2108 ; free virtual = 13817
Synthesis current peak Physical Memory [PSS] (MB): peak = 1879.994; parent = 1666.814; children = 213.893
Synthesis current peak Virtual Memory [VSS] (MB): peak = 3612.762; parent = 2647.336; children = 965.426
---------------------------------------------------------------------------------
---------------------------------------------------------------------------------
Finished RTL Optimization Phase 2 : Time (s): cpu = 00:00:12 ; elapsed = 00:00:13 . Memory (MB): peak = 2679.352 ; gain = 482.363 ; free physical = 2111 ; free virtual = 13821
Synthesis current peak Physical Memory [PSS] (MB): peak = 1879.994; parent = 1666.814; children = 213.893
Synthesis current peak Virtual Memory [VSS] (MB): peak = 3612.762; parent = 2647.336; children = 965.426
---------------------------------------------------------------------------------
---------------------------------------------------------------------------------
Start RTL Component Statistics 
---------------------------------------------------------------------------------
Detailed RTL Component Info : 
---------------------------------------------------------------------------------
Finished RTL Component Statistics 
---------------------------------------------------------------------------------
---------------------------------------------------------------------------------
Start Part Resource Summary
---------------------------------------------------------------------------------
Part Resources:
DSPs: 240 (col length:72)
BRAMs: 300 (col length: RAMB18 72 RAMB36 36)
---------------------------------------------------------------------------------
Finished Part Resource Summary
---------------------------------------------------------------------------------
---------------------------------------------------------------------------------
Start Cross Boundary and Area Optimization
---------------------------------------------------------------------------------
WARNING: [Synth 8-7080] Parallel synthesis criteria is not met
WARNING: [Synth 8-3917] design Mercury_XU5_PE1 has port IOC_D0_P driven by constant 0
WARNING: [Synth 8-3917] design Mercury_XU5_PE1 has port IOC_D1_N driven by constant 1
WARNING: [Synth 8-3917] design Mercury_XU5_PE1 has port IOC_D2_P driven by constant 0
WARNING: [Synth 8-3917] design Mercury_XU5_PE1 has port IOC_D3_N driven by constant 1
WARNING: [Synth 8-3917] design Mercury_XU5_PE1 has port IOC_D4_P driven by constant 0
WARNING: [Synth 8-3917] design Mercury_XU5_PE1 has port IOC_D5_N driven by constant 1
WARNING: [Synth 8-3917] design Mercury_XU5_PE1 has port IOC_D6_P driven by constant 0
WARNING: [Synth 8-3917] design Mercury_XU5_PE1 has port IOC_D7_N driven by constant 1
---------------------------------------------------------------------------------
Finished Cross Boundary and Area Optimization : Time (s): cpu = 00:00:13 ; elapsed = 00:00:14 . Memory (MB): peak = 2679.352 ; gain = 482.363 ; free physical = 2095 ; free virtual = 13811
Synthesis current peak Physical Memory [PSS] (MB): peak = 1879.994; parent = 1666.814; children = 213.893
Synthesis current peak Virtual Memory [VSS] (MB): peak = 3612.762; parent = 2647.336; children = 965.426
---------------------------------------------------------------------------------
---------------------------------------------------------------------------------
Start Applying XDC Timing Constraints
---------------------------------------------------------------------------------
---------------------------------------------------------------------------------
Finished Applying XDC Timing Constraints : Time (s): cpu = 00:00:20 ; elapsed = 00:00:23 . Memory (MB): peak = 3043.523 ; gain = 846.535 ; free physical = 1514 ; free virtual = 13230
Synthesis current peak Physical Memory [PSS] (MB): peak = 2432.180; parent = 2219.141; children = 213.893
Synthesis current peak Virtual Memory [VSS] (MB): peak = 4008.949; parent = 3043.523; children = 965.426
---------------------------------------------------------------------------------
---------------------------------------------------------------------------------
Start Timing Optimization
---------------------------------------------------------------------------------
---------------------------------------------------------------------------------
Finished Timing Optimization : Time (s): cpu = 00:00:20 ; elapsed = 00:00:23 . Memory (MB): peak = 3044.523 ; gain = 847.535 ; free physical = 1513 ; free virtual = 13229
Synthesis current peak Physical Memory [PSS] (MB): peak = 2433.102; parent = 2220.094; children = 213.893
Synthesis current peak Virtual Memory [VSS] (MB): peak = 4009.949; parent = 3044.523; children = 965.426
---------------------------------------------------------------------------------
---------------------------------------------------------------------------------
Start Technology Mapping
---------------------------------------------------------------------------------
---------------------------------------------------------------------------------
Finished Technology Mapping : Time (s): cpu = 00:00:21 ; elapsed = 00:00:24 . Memory (MB): peak = 3064.562 ; gain = 867.574 ; free physical = 1511 ; free virtual = 13227
Synthesis current peak Physical Memory [PSS] (MB): peak = 2435.059; parent = 2222.051; children = 213.893
Synthesis current peak Virtual Memory [VSS] (MB): peak = 4029.988; parent = 3064.562; children = 965.426
---------------------------------------------------------------------------------
---------------------------------------------------------------------------------
Start IO Insertion
---------------------------------------------------------------------------------
---------------------------------------------------------------------------------
Start Flattening Before IO Insertion
---------------------------------------------------------------------------------
---------------------------------------------------------------------------------
Finished Flattening Before IO Insertion
---------------------------------------------------------------------------------
---------------------------------------------------------------------------------
Start Final Netlist Cleanup
---------------------------------------------------------------------------------
---------------------------------------------------------------------------------
Finished Final Netlist Cleanup
---------------------------------------------------------------------------------
---------------------------------------------------------------------------------
Finished IO Insertion : Time (s): cpu = 00:00:23 ; elapsed = 00:00:26 . Memory (MB): peak = 3070.500 ; gain = 873.512 ; free physical = 1507 ; free virtual = 13223
Synthesis current peak Physical Memory [PSS] (MB): peak = 2437.422; parent = 2224.414; children = 213.893
Synthesis current peak Virtual Memory [VSS] (MB): peak = 4035.926; parent = 3070.500; children = 965.426
---------------------------------------------------------------------------------
---------------------------------------------------------------------------------
Start Renaming Generated Instances
---------------------------------------------------------------------------------
---------------------------------------------------------------------------------
Finished Renaming Generated Instances : Time (s): cpu = 00:00:23 ; elapsed = 00:00:26 . Memory (MB): peak = 3070.500 ; gain = 873.512 ; free physical = 1507 ; free virtual = 13223
Synthesis current peak Physical Memory [PSS] (MB): peak = 2437.422; parent = 2224.414; children = 213.893
Synthesis current peak Virtual Memory [VSS] (MB): peak = 4035.926; parent = 3070.500; children = 965.426
---------------------------------------------------------------------------------
---------------------------------------------------------------------------------
Start Rebuilding User Hierarchy
---------------------------------------------------------------------------------
---------------------------------------------------------------------------------
Finished Rebuilding User Hierarchy : Time (s): cpu = 00:00:23 ; elapsed = 00:00:26 . Memory (MB): peak = 3070.500 ; gain = 873.512 ; free physical = 1507 ; free virtual = 13223
Synthesis current peak Physical Memory [PSS] (MB): peak = 2437.426; parent = 2224.418; children = 213.893
Synthesis current peak Virtual Memory [VSS] (MB): peak = 4035.926; parent = 3070.500; children = 965.426
---------------------------------------------------------------------------------
---------------------------------------------------------------------------------
Start Renaming Generated Ports
---------------------------------------------------------------------------------
---------------------------------------------------------------------------------
Finished Renaming Generated Ports : Time (s): cpu = 00:00:23 ; elapsed = 00:00:26 . Memory (MB): peak = 3070.500 ; gain = 873.512 ; free physical = 1507 ; free virtual = 13223
Synthesis current peak Physical Memory [PSS] (MB): peak = 2437.426; parent = 2224.418; children = 213.893
Synthesis current peak Virtual Memory [VSS] (MB): peak = 4035.926; parent = 3070.500; children = 965.426
---------------------------------------------------------------------------------
---------------------------------------------------------------------------------
Start Handling Custom Attributes
---------------------------------------------------------------------------------
---------------------------------------------------------------------------------
Finished Handling Custom Attributes : Time (s): cpu = 00:00:23 ; elapsed = 00:00:26 . Memory (MB): peak = 3070.500 ; gain = 873.512 ; free physical = 1507 ; free virtual = 13223
Synthesis current peak Physical Memory [PSS] (MB): peak = 2437.426; parent = 2224.418; children = 213.893
Synthesis current peak Virtual Memory [VSS] (MB): peak = 4035.926; parent = 3070.500; children = 965.426
---------------------------------------------------------------------------------
---------------------------------------------------------------------------------
Start Renaming Generated Nets
---------------------------------------------------------------------------------
---------------------------------------------------------------------------------
Finished Renaming Generated Nets : Time (s): cpu = 00:00:23 ; elapsed = 00:00:26 . Memory (MB): peak = 3070.500 ; gain = 873.512 ; free physical = 1507 ; free virtual = 13223
Synthesis current peak Physical Memory [PSS] (MB): peak = 2437.426; parent = 2224.418; children = 213.893
Synthesis current peak Virtual Memory [VSS] (MB): peak = 4035.926; parent = 3070.500; children = 965.426
---------------------------------------------------------------------------------
---------------------------------------------------------------------------------
Start Writing Synthesis Report
---------------------------------------------------------------------------------

Report BlackBoxes: 
+------+------------------------------------+----------+
|      |BlackBox name                       |Instances |
+------+------------------------------------+----------+
|1     |Mercury_XU5_xbar_0                  |         1|
|2     |Mercury_XU5_auto_cc_0               |         1|
|3     |Mercury_XU5_auto_ds_0               |         1|
|4     |Mercury_XU5_auto_pc_0               |         1|
|5     |Mercury_XU5_auto_rs_0               |         1|
|6     |Mercury_XU5_auto_rs_w_0             |         1|
|7     |Mercury_XU5_clk_wiz_0_0             |         1|
|8     |Mercury_XU5_ddr4_0                  |         1|
|9     |Mercury_XU5_ddr4_sys_rst_0          |         1|
|10    |Mercury_XU5_led_0                   |         1|
|11    |Mercury_XU5_ps_sys_rst_0            |         1|
|12    |Mercury_XU5_reg_bank_0_0            |         1|
|13    |Mercury_XU5_smartconnect_00_0       |         1|
|14    |Mercury_XU5_system_management_wiz_0 |         1|
|15    |Mercury_XU5_zynq_ultra_ps_e_0       |         1|
|16    |Mercury_XU5_GMII2RGMII              |         1|
+------+------------------------------------+----------+

Report Cell Usage: 
+------+-----------------------------------------+------+
|      |Cell                                     |Count |
+------+-----------------------------------------+------+
|1     |Mercury_XU5_GMII2RGMII_bbox              |     1|
|2     |Mercury_XU5_auto_cc_0_bbox               |     1|
|3     |Mercury_XU5_auto_ds_0_bbox               |     1|
|4     |Mercury_XU5_auto_pc_0_bbox               |     1|
|5     |Mercury_XU5_auto_rs_0_bbox               |     1|
|6     |Mercury_XU5_auto_rs_w_0_bbox             |     1|
|7     |Mercury_XU5_clk_wiz_0_0_bbox             |     1|
|8     |Mercury_XU5_ddr4_0_bbox                  |     1|
|9     |Mercury_XU5_ddr4_sys_rst_0_bbox          |     1|
|10    |Mercury_XU5_led_0_bbox                   |     1|
|11    |Mercury_XU5_ps_sys_rst_0_bbox            |     1|
|12    |Mercury_XU5_reg_bank_0_0_bbox            |     1|
|13    |Mercury_XU5_smartconnect_00_0_bbox       |     1|
|14    |Mercury_XU5_system_management_wiz_0_bbox |     1|
|15    |Mercury_XU5_xbar_0_bbox                  |     1|
|16    |Mercury_XU5_zynq_ultra_ps_e_0_bbox       |     1|
|17    |CARRY8                                   |     4|
|18    |LUT1                                     |     1|
|19    |FDRE                                     |    32|
|20    |IBUF                                     |     6|
|21    |IOBUF                                    |     3|
|22    |OBUF                                     |    19|
+------+-----------------------------------------+------+
---------------------------------------------------------------------------------
Finished Writing Synthesis Report : Time (s): cpu = 00:00:23 ; elapsed = 00:00:26 . Memory (MB): peak = 3070.500 ; gain = 873.512 ; free physical = 1507 ; free virtual = 13223
Synthesis current peak Physical Memory [PSS] (MB): peak = 2437.426; parent = 2224.418; children = 213.893
Synthesis current peak Virtual Memory [VSS] (MB): peak = 4035.926; parent = 3070.500; children = 965.426
---------------------------------------------------------------------------------
Synthesis finished with 0 errors, 0 critical warnings and 153 warnings.
Synthesis Optimization Runtime : Time (s): cpu = 00:00:19 ; elapsed = 00:00:22 . Memory (MB): peak = 3070.500 ; gain = 727.730 ; free physical = 1540 ; free virtual = 13256
Synthesis Optimization Complete : Time (s): cpu = 00:00:23 ; elapsed = 00:00:27 . Memory (MB): peak = 3070.508 ; gain = 873.512 ; free physical = 1540 ; free virtual = 13256
INFO: [Project 1-571] Translating synthesized netlist
Parsing EDIF File [/home/wto/Eos/ME-XU5-2EG-1I-D11E/Mercury_XU5_PE1.srcs/sources_1/imports/src/Mercury_XU5_gmii2rgmii.edn]
Finished Parsing EDIF File [/home/wto/Eos/ME-XU5-2EG-1I-D11E/Mercury_XU5_PE1.srcs/sources_1/imports/src/Mercury_XU5_gmii2rgmii.edn]
WARNING: [EDIF 20-111] Top cell is not specified in the design statement in file '/home/wto/Eos/ME-XU5-2EG-1I-D11E/Mercury_XU5_PE1.srcs/sources_1/imports/src/Mercury_XU5_gmii2rgmii.edn', the last cell 'en_gmii2rgmii' specified in this file will be used as the top cell.
Netlist sorting complete. Time (s): cpu = 00:00:00.02 ; elapsed = 00:00:00.02 . Memory (MB): peak = 3083.008 ; gain = 0.000 ; free physical = 1646 ; free virtual = 13362
INFO: [Netlist 29-17] Analyzing 15 Unisim elements for replacement
INFO: [Netlist 29-28] Unisim Transformation completed in 0 CPU seconds
INFO: [Project 1-479] Netlist was created with Vivado 2020.2
INFO: [Project 1-570] Preparing netlist for logic optimization
INFO: [Opt 31-138] Pushed 0 inverter(s) to 0 load pin(s).
Netlist sorting complete. Time (s): cpu = 00:00:00 ; elapsed = 00:00:00 . Memory (MB): peak = 3145.676 ; gain = 0.000 ; free physical = 1575 ; free virtual = 13291
INFO: [Project 1-111] Unisim Transformation Summary:
  A total of 11 instances were transformed.
  IBUF => IBUF (IBUFCTRL, INBUF): 6 instances
  IOBUF => IOBUF (IBUFCTRL, INBUF, OBUFT): 3 instances
  RAM64M8 => RAM64M8 (RAMD64E(x8)): 2 instances

Synth Design complete, checksum: d63a64b4
INFO: [Common 17-83] Releasing license: Synthesis
84 Infos, 135 Warnings, 0 Critical Warnings and 0 Errors encountered.
synth_design completed successfully
synth_design: Time (s): cpu = 00:00:29 ; elapsed = 00:00:32 . Memory (MB): peak = 3145.676 ; gain = 1809.711 ; free physical = 1779 ; free virtual = 13495
INFO: [Common 17-1381] The checkpoint '/home/wto/Eos/ME-XU5-2EG-1I-D11E/Mercury_XU5_PE1.runs/synth_1/Mercury_XU5_PE1.dcp' has been generated.
INFO: [runtcl-4] Executing : report_utilization -file Mercury_XU5_PE1_utilization_synth.rpt -pb Mercury_XU5_PE1_utilization_synth.pb
INFO: [Common 17-206] Exiting Vivado at Mon Nov  4 17:15:00 2024...
